<?xml version="1.0" encoding="UTF-8"?>
<testsuite xmlns:xsi="http://www.w3.org/2001/XMLSchema-instance" xsi:noNamespaceSchemaLocation="https://maven.apache.org/surefire/maven-surefire-plugin/xsd/surefire-test-report-3.0.xsd" version="3.0" name="com.oficina.presence_hub.controllers.ParticipacaoControllerTest" time="3.623" tests="5" errors="0" skipped="0" failures="0">
  <properties>
    <property name="java.specification.version" value="17"/>
    <property name="sun.jnu.encoding" value="UTF-8"/>
    <property name="java.class.path" value="/Users/willian.sanches/Dev/presence-hub/backend/presence-hub-back/target/test-classes:/Users/willian.sanches/Dev/presence-hub/backend/presence-hub-back/target/classes:/Users/willian.sanches/.m2/repository/io/rest-assured/rest-assured/5.3.0/rest-assured-5.3.0.jar:/Users/willian.sanches/.m2/repository/org/apache/groovy/groovy/4.0.23/groovy-4.0.23.jar:/Users/willian.sanches/.m2/repository/org/apache/groovy/groovy-xml/4.0.23/groovy-xml-4.0.23.jar:/Users/willian.sanches/.m2/repository/org/apache/httpcomponents/httpclient/4.5.13/httpclient-4.5.13.jar:/Users/willian.sanches/.m2/repository/org/apache/httpcomponents/httpcore/4.4.16/httpcore-4.4.16.jar:/Users/willian.sanches/.m2/repository/commons-logging/commons-logging/1.2/commons-logging-1.2.jar:/Users/willian.sanches/.m2/repository/commons-codec/commons-codec/1.16.1/commons-codec-1.16.1.jar:/Users/willian.sanches/.m2/repository/org/apache/httpcomponents/httpmime/4.5.13/httpmime-4.5.13.jar:/Users/willian.sanches/.m2/repository/org/hamcrest/hamcrest/2.2/hamcrest-2.2.jar:/Users/willian.sanches/.m2/repository/org/ccil/cowan/tagsoup/tagsoup/1.2.1/tagsoup-1.2.1.jar:/Users/willian.sanches/.m2/repository/io/rest-assured/json-path/5.4.0/json-path-5.4.0.jar:/Users/willian.sanches/.m2/repository/org/apache/groovy/groovy-json/4.0.23/groovy-json-4.0.23.jar:/Users/willian.sanches/.m2/repository/io/rest-assured/rest-assured-common/5.4.0/rest-assured-common-5.4.0.jar:/Users/willian.sanches/.m2/repository/io/rest-assured/xml-path/5.4.0/xml-path-5.4.0.jar:/Users/willian.sanches/.m2/repository/org/apache/commons/commons-lang3/3.14.0/commons-lang3-3.14.0.jar:/Users/willian.sanches/.m2/repository/com/h2database/h2/2.2.224/h2-2.2.224.jar:/Users/willian.sanches/.m2/repository/org/springframework/boot/spring-boot-starter-data-jpa/3.3.5/spring-boot-starter-data-jpa-3.3.5.jar:/Users/willian.sanches/.m2/repository/org/springframework/boot/spring-boot-starter-aop/3.3.5/spring-boot-starter-aop-3.3.5.jar:/Users/willian.sanches/.m2/repository/org/springframework/spring-aop/6.1.14/spring-aop-6.1.14.jar:/Users/willian.sanches/.m2/repository/org/aspectj/aspectjweaver/1.9.22.1/aspectjweaver-1.9.22.1.jar:/Users/willian.sanches/.m2/repository/org/springframework/boot/spring-boot-starter-jdbc/3.3.5/spring-boot-starter-jdbc-3.3.5.jar:/Users/willian.sanches/.m2/repository/com/zaxxer/HikariCP/5.1.0/HikariCP-5.1.0.jar:/Users/willian.sanches/.m2/repository/org/springframework/spring-jdbc/6.1.14/spring-jdbc-6.1.14.jar:/Users/willian.sanches/.m2/repository/org/springframework/data/spring-data-jpa/3.3.5/spring-data-jpa-3.3.5.jar:/Users/willian.sanches/.m2/repository/org/springframework/data/spring-data-commons/3.3.5/spring-data-commons-3.3.5.jar:/Users/willian.sanches/.m2/repository/org/springframework/spring-orm/6.1.14/spring-orm-6.1.14.jar:/Users/willian.sanches/.m2/repository/org/springframework/spring-context/6.1.14/spring-context-6.1.14.jar:/Users/willian.sanches/.m2/repository/org/springframework/spring-tx/6.1.14/spring-tx-6.1.14.jar:/Users/willian.sanches/.m2/repository/org/springframework/spring-beans/6.1.14/spring-beans-6.1.14.jar:/Users/willian.sanches/.m2/repository/jakarta/annotation/jakarta.annotation-api/2.1.1/jakarta.annotation-api-2.1.1.jar:/Users/willian.sanches/.m2/repository/org/slf4j/slf4j-api/2.0.16/slf4j-api-2.0.16.jar:/Users/willian.sanches/.m2/repository/org/springframework/spring-aspects/6.1.14/spring-aspects-6.1.14.jar:/Users/willian.sanches/.m2/repository/org/postgresql/postgresql/42.7.4/postgresql-42.7.4.jar:/Users/willian.sanches/.m2/repository/org/checkerframework/checker-qual/3.42.0/checker-qual-3.42.0.jar:/Users/willian.sanches/.m2/repository/org/hibernate/orm/hibernate-core/6.2.5.Final/hibernate-core-6.2.5.Final.jar:/Users/willian.sanches/.m2/repository/jakarta/persistence/jakarta.persistence-api/3.1.0/jakarta.persistence-api-3.1.0.jar:/Users/willian.sanches/.m2/repository/jakarta/transaction/jakarta.transaction-api/2.0.1/jakarta.transaction-api-2.0.1.jar:/Users/willian.sanches/.m2/repository/org/jboss/logging/jboss-logging/3.5.3.Final/jboss-logging-3.5.3.Final.jar:/Users/willian.sanches/.m2/repository/org/hibernate/common/hibernate-commons-annotations/6.0.6.Final/hibernate-commons-annotations-6.0.6.Final.jar:/Users/willian.sanches/.m2/repository/io/smallrye/jandex/3.0.5/jandex-3.0.5.jar:/Users/willian.sanches/.m2/repository/com/fasterxml/classmate/1.7.0/classmate-1.7.0.jar:/Users/willian.sanches/.m2/repository/net/bytebuddy/byte-buddy/1.14.19/byte-buddy-1.14.19.jar:/Users/willian.sanches/.m2/repository/jakarta/xml/bind/jakarta.xml.bind-api/4.0.2/jakarta.xml.bind-api-4.0.2.jar:/Users/willian.sanches/.m2/repository/jakarta/activation/jakarta.activation-api/2.1.3/jakarta.activation-api-2.1.3.jar:/Users/willian.sanches/.m2/repository/org/glassfish/jaxb/jaxb-runtime/4.0.5/jaxb-runtime-4.0.5.jar:/Users/willian.sanches/.m2/repository/org/glassfish/jaxb/jaxb-core/4.0.5/jaxb-core-4.0.5.jar:/Users/willian.sanches/.m2/repository/org/eclipse/angus/angus-activation/2.0.2/angus-activation-2.0.2.jar:/Users/willian.sanches/.m2/repository/org/glassfish/jaxb/txw2/4.0.5/txw2-4.0.5.jar:/Users/willian.sanches/.m2/repository/com/sun/istack/istack-commons-runtime/4.1.2/istack-commons-runtime-4.1.2.jar:/Users/willian.sanches/.m2/repository/jakarta/inject/jakarta.inject-api/2.0.1/jakarta.inject-api-2.0.1.jar:/Users/willian.sanches/.m2/repository/org/antlr/antlr4-runtime/4.10.1/antlr4-runtime-4.10.1.jar:/Users/willian.sanches/.m2/repository/org/springframework/boot/spring-boot-starter-web/3.3.5/spring-boot-starter-web-3.3.5.jar:/Users/willian.sanches/.m2/repository/org/springframework/boot/spring-boot-starter/3.3.5/spring-boot-starter-3.3.5.jar:/Users/willian.sanches/.m2/repository/org/springframework/boot/spring-boot-starter-logging/3.3.5/spring-boot-starter-logging-3.3.5.jar:/Users/willian.sanches/.m2/repository/ch/qos/logback/logback-classic/1.5.11/logback-classic-1.5.11.jar:/Users/willian.sanches/.m2/repository/ch/qos/logback/logback-core/1.5.11/logback-core-1.5.11.jar:/Users/willian.sanches/.m2/repository/org/apache/logging/log4j/log4j-to-slf4j/2.23.1/log4j-to-slf4j-2.23.1.jar:/Users/willian.sanches/.m2/repository/org/apache/logging/log4j/log4j-api/2.23.1/log4j-api-2.23.1.jar:/Users/willian.sanches/.m2/repository/org/slf4j/jul-to-slf4j/2.0.16/jul-to-slf4j-2.0.16.jar:/Users/willian.sanches/.m2/repository/org/yaml/snakeyaml/2.2/snakeyaml-2.2.jar:/Users/willian.sanches/.m2/repository/org/springframework/boot/spring-boot-starter-json/3.3.5/spring-boot-starter-json-3.3.5.jar:/Users/willian.sanches/.m2/repository/com/fasterxml/jackson/core/jackson-databind/2.17.2/jackson-databind-2.17.2.jar:/Users/willian.sanches/.m2/repository/com/fasterxml/jackson/core/jackson-annotations/2.17.2/jackson-annotations-2.17.2.jar:/Users/willian.sanches/.m2/repository/com/fasterxml/jackson/core/jackson-core/2.17.2/jackson-core-2.17.2.jar:/Users/willian.sanches/.m2/repository/com/fasterxml/jackson/datatype/jackson-datatype-jdk8/2.17.2/jackson-datatype-jdk8-2.17.2.jar:/Users/willian.sanches/.m2/repository/com/fasterxml/jackson/datatype/jackson-datatype-jsr310/2.17.2/jackson-datatype-jsr310-2.17.2.jar:/Users/willian.sanches/.m2/repository/com/fasterxml/jackson/module/jackson-module-parameter-names/2.17.2/jackson-module-parameter-names-2.17.2.jar:/Users/willian.sanches/.m2/repository/org/springframework/boot/spring-boot-starter-tomcat/3.3.5/spring-boot-starter-tomcat-3.3.5.jar:/Users/willian.sanches/.m2/repository/org/apache/tomcat/embed/tomcat-embed-core/10.1.31/tomcat-embed-core-10.1.31.jar:/Users/willian.sanches/.m2/repository/org/apache/tomcat/embed/tomcat-embed-el/10.1.31/tomcat-embed-el-10.1.31.jar:/Users/willian.sanches/.m2/repository/org/apache/tomcat/embed/tomcat-embed-websocket/10.1.31/tomcat-embed-websocket-10.1.31.jar:/Users/willian.sanches/.m2/repository/org/springframework/spring-web/6.1.14/spring-web-6.1.14.jar:/Users/willian.sanches/.m2/repository/io/micrometer/micrometer-observation/1.13.6/micrometer-observation-1.13.6.jar:/Users/willian.sanches/.m2/repository/io/micrometer/micrometer-commons/1.13.6/micrometer-commons-1.13.6.jar:/Users/willian.sanches/.m2/repository/org/springframework/spring-webmvc/6.1.14/spring-webmvc-6.1.14.jar:/Users/willian.sanches/.m2/repository/org/springframework/spring-expression/6.1.14/spring-expression-6.1.14.jar:/Users/willian.sanches/.m2/repository/org/projectlombok/lombok/1.18.34/lombok-1.18.34.jar:/Users/willian.sanches/.m2/repository/org/mapstruct/mapstruct/1.5.2.Final/mapstruct-1.5.2.Final.jar:/Users/willian.sanches/.m2/repository/org/mapstruct/mapstruct-processor/1.5.2.Final/mapstruct-processor-1.5.2.Final.jar:/Users/willian.sanches/.m2/repository/org/springframework/boot/spring-boot-devtools/3.3.5/spring-boot-devtools-3.3.5.jar:/Users/willian.sanches/.m2/repository/org/springframework/boot/spring-boot/3.3.5/spring-boot-3.3.5.jar:/Users/willian.sanches/.m2/repository/org/springframework/boot/spring-boot-autoconfigure/3.3.5/spring-boot-autoconfigure-3.3.5.jar:/Users/willian.sanches/.m2/repository/org/springframework/boot/spring-boot-starter-test/3.3.5/spring-boot-starter-test-3.3.5.jar:/Users/willian.sanches/.m2/repository/org/springframework/boot/spring-boot-test/3.3.5/spring-boot-test-3.3.5.jar:/Users/willian.sanches/.m2/repository/org/springframework/boot/spring-boot-test-autoconfigure/3.3.5/spring-boot-test-autoconfigure-3.3.5.jar:/Users/willian.sanches/.m2/repository/com/jayway/jsonpath/json-path/2.9.0/json-path-2.9.0.jar:/Users/willian.sanches/.m2/repository/net/minidev/json-smart/2.5.1/json-smart-2.5.1.jar:/Users/willian.sanches/.m2/repository/net/minidev/accessors-smart/2.5.1/accessors-smart-2.5.1.jar:/Users/willian.sanches/.m2/repository/org/ow2/asm/asm/9.6/asm-9.6.jar:/Users/willian.sanches/.m2/repository/org/assertj/assertj-core/3.25.3/assertj-core-3.25.3.jar:/Users/willian.sanches/.m2/repository/org/awaitility/awaitility/4.2.2/awaitility-4.2.2.jar:/Users/willian.sanches/.m2/repository/org/junit/jupiter/junit-jupiter/5.10.5/junit-jupiter-5.10.5.jar:/Users/willian.sanches/.m2/repository/org/junit/jupiter/junit-jupiter-api/5.10.5/junit-jupiter-api-5.10.5.jar:/Users/willian.sanches/.m2/repository/org/opentest4j/opentest4j/1.3.0/opentest4j-1.3.0.jar:/Users/willian.sanches/.m2/repository/org/junit/platform/junit-platform-commons/1.10.5/junit-platform-commons-1.10.5.jar:/Users/willian.sanches/.m2/repository/org/apiguardian/apiguardian-api/1.1.2/apiguardian-api-1.1.2.jar:/Users/willian.sanches/.m2/repository/org/junit/jupiter/junit-jupiter-params/5.10.5/junit-jupiter-params-5.10.5.jar:/Users/willian.sanches/.m2/repository/org/junit/jupiter/junit-jupiter-engine/5.10.5/junit-jupiter-engine-5.10.5.jar:/Users/willian.sanches/.m2/repository/org/junit/platform/junit-platform-engine/1.10.5/junit-platform-engine-1.10.5.jar:/Users/willian.sanches/.m2/repository/org/mockito/mockito-core/5.11.0/mockito-core-5.11.0.jar:/Users/willian.sanches/.m2/repository/net/bytebuddy/byte-buddy-agent/1.14.19/byte-buddy-agent-1.14.19.jar:/Users/willian.sanches/.m2/repository/org/objenesis/objenesis/3.3/objenesis-3.3.jar:/Users/willian.sanches/.m2/repository/org/mockito/mockito-junit-jupiter/5.11.0/mockito-junit-jupiter-5.11.0.jar:/Users/willian.sanches/.m2/repository/org/skyscreamer/jsonassert/1.5.3/jsonassert-1.5.3.jar:/Users/willian.sanches/.m2/repository/com/vaadin/external/google/android-json/0.0.20131108.vaadin1/android-json-0.0.20131108.vaadin1.jar:/Users/willian.sanches/.m2/repository/org/springframework/spring-core/6.1.14/spring-core-6.1.14.jar:/Users/willian.sanches/.m2/repository/org/springframework/spring-jcl/6.1.14/spring-jcl-6.1.14.jar:/Users/willian.sanches/.m2/repository/org/springframework/spring-test/6.1.14/spring-test-6.1.14.jar:/Users/willian.sanches/.m2/repository/org/xmlunit/xmlunit-core/2.9.1/xmlunit-core-2.9.1.jar:"/>
    <property name="java.vm.vendor" value="Amazon.com Inc."/>
    <property name="sun.arch.data.model" value="64"/>
    <property name="catalina.useNaming" value="false"/>
    <property name="java.vendor.url" value="https://aws.amazon.com/corretto/"/>
    <property name="user.timezone" value="America/Sao_Paulo"/>
    <property name="org.jboss.logging.provider" value="slf4j"/>
    <property name="os.name" value="Mac OS X"/>
    <property name="java.vm.specification.version" value="17"/>
    <property name="sun.java.launcher" value="SUN_STANDARD"/>
    <property name="user.country" value="BR"/>
    <property name="sun.boot.library.path" value="/Users/willian.sanches/Library/Java/JavaVirtualMachines/corretto-17.0.12/Contents/Home/lib"/>
    <property name="sun.java.command" value="/Users/willian.sanches/Dev/presence-hub/backend/presence-hub-back/target/surefire/surefirebooter-20241210171102935_3.jar /Users/willian.sanches/Dev/presence-hub/backend/presence-hub-back/target/surefire 2024-12-10T17-11-02_852-jvmRun1 surefire-20241210171102935_1tmp surefire_0-20241210171102935_2tmp"/>
    <property name="http.nonProxyHosts" value="local|*.local|169.254/16|*.169.254/16"/>
    <property name="jdk.debug" value="release"/>
    <property name="surefire.test.class.path" value="/Users/willian.sanches/Dev/presence-hub/backend/presence-hub-back/target/test-classes:/Users/willian.sanches/Dev/presence-hub/backend/presence-hub-back/target/classes:/Users/willian.sanches/.m2/repository/io/rest-assured/rest-assured/5.3.0/rest-assured-5.3.0.jar:/Users/willian.sanches/.m2/repository/org/apache/groovy/groovy/4.0.23/groovy-4.0.23.jar:/Users/willian.sanches/.m2/repository/org/apache/groovy/groovy-xml/4.0.23/groovy-xml-4.0.23.jar:/Users/willian.sanches/.m2/repository/org/apache/httpcomponents/httpclient/4.5.13/httpclient-4.5.13.jar:/Users/willian.sanches/.m2/repository/org/apache/httpcomponents/httpcore/4.4.16/httpcore-4.4.16.jar:/Users/willian.sanches/.m2/repository/commons-logging/commons-logging/1.2/commons-logging-1.2.jar:/Users/willian.sanches/.m2/repository/commons-codec/commons-codec/1.16.1/commons-codec-1.16.1.jar:/Users/willian.sanches/.m2/repository/org/apache/httpcomponents/httpmime/4.5.13/httpmime-4.5.13.jar:/Users/willian.sanches/.m2/repository/org/hamcrest/hamcrest/2.2/hamcrest-2.2.jar:/Users/willian.sanches/.m2/repository/org/ccil/cowan/tagsoup/tagsoup/1.2.1/tagsoup-1.2.1.jar:/Users/willian.sanches/.m2/repository/io/rest-assured/json-path/5.4.0/json-path-5.4.0.jar:/Users/willian.sanches/.m2/repository/org/apache/groovy/groovy-json/4.0.23/groovy-json-4.0.23.jar:/Users/willian.sanches/.m2/repository/io/rest-assured/rest-assured-common/5.4.0/rest-assured-common-5.4.0.jar:/Users/willian.sanches/.m2/repository/io/rest-assured/xml-path/5.4.0/xml-path-5.4.0.jar:/Users/willian.sanches/.m2/repository/org/apache/commons/commons-lang3/3.14.0/commons-lang3-3.14.0.jar:/Users/willian.sanches/.m2/repository/com/h2database/h2/2.2.224/h2-2.2.224.jar:/Users/willian.sanches/.m2/repository/org/springframework/boot/spring-boot-starter-data-jpa/3.3.5/spring-boot-starter-data-jpa-3.3.5.jar:/Users/willian.sanches/.m2/repository/org/springframework/boot/spring-boot-starter-aop/3.3.5/spring-boot-starter-aop-3.3.5.jar:/Users/willian.sanches/.m2/repository/org/springframework/spring-aop/6.1.14/spring-aop-6.1.14.jar:/Users/willian.sanches/.m2/repository/org/aspectj/aspectjweaver/1.9.22.1/aspectjweaver-1.9.22.1.jar:/Users/willian.sanches/.m2/repository/org/springframework/boot/spring-boot-starter-jdbc/3.3.5/spring-boot-starter-jdbc-3.3.5.jar:/Users/willian.sanches/.m2/repository/com/zaxxer/HikariCP/5.1.0/HikariCP-5.1.0.jar:/Users/willian.sanches/.m2/repository/org/springframework/spring-jdbc/6.1.14/spring-jdbc-6.1.14.jar:/Users/willian.sanches/.m2/repository/org/springframework/data/spring-data-jpa/3.3.5/spring-data-jpa-3.3.5.jar:/Users/willian.sanches/.m2/repository/org/springframework/data/spring-data-commons/3.3.5/spring-data-commons-3.3.5.jar:/Users/willian.sanches/.m2/repository/org/springframework/spring-orm/6.1.14/spring-orm-6.1.14.jar:/Users/willian.sanches/.m2/repository/org/springframework/spring-context/6.1.14/spring-context-6.1.14.jar:/Users/willian.sanches/.m2/repository/org/springframework/spring-tx/6.1.14/spring-tx-6.1.14.jar:/Users/willian.sanches/.m2/repository/org/springframework/spring-beans/6.1.14/spring-beans-6.1.14.jar:/Users/willian.sanches/.m2/repository/jakarta/annotation/jakarta.annotation-api/2.1.1/jakarta.annotation-api-2.1.1.jar:/Users/willian.sanches/.m2/repository/org/slf4j/slf4j-api/2.0.16/slf4j-api-2.0.16.jar:/Users/willian.sanches/.m2/repository/org/springframework/spring-aspects/6.1.14/spring-aspects-6.1.14.jar:/Users/willian.sanches/.m2/repository/org/postgresql/postgresql/42.7.4/postgresql-42.7.4.jar:/Users/willian.sanches/.m2/repository/org/checkerframework/checker-qual/3.42.0/checker-qual-3.42.0.jar:/Users/willian.sanches/.m2/repository/org/hibernate/orm/hibernate-core/6.2.5.Final/hibernate-core-6.2.5.Final.jar:/Users/willian.sanches/.m2/repository/jakarta/persistence/jakarta.persistence-api/3.1.0/jakarta.persistence-api-3.1.0.jar:/Users/willian.sanches/.m2/repository/jakarta/transaction/jakarta.transaction-api/2.0.1/jakarta.transaction-api-2.0.1.jar:/Users/willian.sanches/.m2/repository/org/jboss/logging/jboss-logging/3.5.3.Final/jboss-logging-3.5.3.Final.jar:/Users/willian.sanches/.m2/repository/org/hibernate/common/hibernate-commons-annotations/6.0.6.Final/hibernate-commons-annotations-6.0.6.Final.jar:/Users/willian.sanches/.m2/repository/io/smallrye/jandex/3.0.5/jandex-3.0.5.jar:/Users/willian.sanches/.m2/repository/com/fasterxml/classmate/1.7.0/classmate-1.7.0.jar:/Users/willian.sanches/.m2/repository/net/bytebuddy/byte-buddy/1.14.19/byte-buddy-1.14.19.jar:/Users/willian.sanches/.m2/repository/jakarta/xml/bind/jakarta.xml.bind-api/4.0.2/jakarta.xml.bind-api-4.0.2.jar:/Users/willian.sanches/.m2/repository/jakarta/activation/jakarta.activation-api/2.1.3/jakarta.activation-api-2.1.3.jar:/Users/willian.sanches/.m2/repository/org/glassfish/jaxb/jaxb-runtime/4.0.5/jaxb-runtime-4.0.5.jar:/Users/willian.sanches/.m2/repository/org/glassfish/jaxb/jaxb-core/4.0.5/jaxb-core-4.0.5.jar:/Users/willian.sanches/.m2/repository/org/eclipse/angus/angus-activation/2.0.2/angus-activation-2.0.2.jar:/Users/willian.sanches/.m2/repository/org/glassfish/jaxb/txw2/4.0.5/txw2-4.0.5.jar:/Users/willian.sanches/.m2/repository/com/sun/istack/istack-commons-runtime/4.1.2/istack-commons-runtime-4.1.2.jar:/Users/willian.sanches/.m2/repository/jakarta/inject/jakarta.inject-api/2.0.1/jakarta.inject-api-2.0.1.jar:/Users/willian.sanches/.m2/repository/org/antlr/antlr4-runtime/4.10.1/antlr4-runtime-4.10.1.jar:/Users/willian.sanches/.m2/repository/org/springframework/boot/spring-boot-starter-web/3.3.5/spring-boot-starter-web-3.3.5.jar:/Users/willian.sanches/.m2/repository/org/springframework/boot/spring-boot-starter/3.3.5/spring-boot-starter-3.3.5.jar:/Users/willian.sanches/.m2/repository/org/springframework/boot/spring-boot-starter-logging/3.3.5/spring-boot-starter-logging-3.3.5.jar:/Users/willian.sanches/.m2/repository/ch/qos/logback/logback-classic/1.5.11/logback-classic-1.5.11.jar:/Users/willian.sanches/.m2/repository/ch/qos/logback/logback-core/1.5.11/logback-core-1.5.11.jar:/Users/willian.sanches/.m2/repository/org/apache/logging/log4j/log4j-to-slf4j/2.23.1/log4j-to-slf4j-2.23.1.jar:/Users/willian.sanches/.m2/repository/org/apache/logging/log4j/log4j-api/2.23.1/log4j-api-2.23.1.jar:/Users/willian.sanches/.m2/repository/org/slf4j/jul-to-slf4j/2.0.16/jul-to-slf4j-2.0.16.jar:/Users/willian.sanches/.m2/repository/org/yaml/snakeyaml/2.2/snakeyaml-2.2.jar:/Users/willian.sanches/.m2/repository/org/springframework/boot/spring-boot-starter-json/3.3.5/spring-boot-starter-json-3.3.5.jar:/Users/willian.sanches/.m2/repository/com/fasterxml/jackson/core/jackson-databind/2.17.2/jackson-databind-2.17.2.jar:/Users/willian.sanches/.m2/repository/com/fasterxml/jackson/core/jackson-annotations/2.17.2/jackson-annotations-2.17.2.jar:/Users/willian.sanches/.m2/repository/com/fasterxml/jackson/core/jackson-core/2.17.2/jackson-core-2.17.2.jar:/Users/willian.sanches/.m2/repository/com/fasterxml/jackson/datatype/jackson-datatype-jdk8/2.17.2/jackson-datatype-jdk8-2.17.2.jar:/Users/willian.sanches/.m2/repository/com/fasterxml/jackson/datatype/jackson-datatype-jsr310/2.17.2/jackson-datatype-jsr310-2.17.2.jar:/Users/willian.sanches/.m2/repository/com/fasterxml/jackson/module/jackson-module-parameter-names/2.17.2/jackson-module-parameter-names-2.17.2.jar:/Users/willian.sanches/.m2/repository/org/springframework/boot/spring-boot-starter-tomcat/3.3.5/spring-boot-starter-tomcat-3.3.5.jar:/Users/willian.sanches/.m2/repository/org/apache/tomcat/embed/tomcat-embed-core/10.1.31/tomcat-embed-core-10.1.31.jar:/Users/willian.sanches/.m2/repository/org/apache/tomcat/embed/tomcat-embed-el/10.1.31/tomcat-embed-el-10.1.31.jar:/Users/willian.sanches/.m2/repository/org/apache/tomcat/embed/tomcat-embed-websocket/10.1.31/tomcat-embed-websocket-10.1.31.jar:/Users/willian.sanches/.m2/repository/org/springframework/spring-web/6.1.14/spring-web-6.1.14.jar:/Users/willian.sanches/.m2/repository/io/micrometer/micrometer-observation/1.13.6/micrometer-observation-1.13.6.jar:/Users/willian.sanches/.m2/repository/io/micrometer/micrometer-commons/1.13.6/micrometer-commons-1.13.6.jar:/Users/willian.sanches/.m2/repository/org/springframework/spring-webmvc/6.1.14/spring-webmvc-6.1.14.jar:/Users/willian.sanches/.m2/repository/org/springframework/spring-expression/6.1.14/spring-expression-6.1.14.jar:/Users/willian.sanches/.m2/repository/org/projectlombok/lombok/1.18.34/lombok-1.18.34.jar:/Users/willian.sanches/.m2/repository/org/mapstruct/mapstruct/1.5.2.Final/mapstruct-1.5.2.Final.jar:/Users/willian.sanches/.m2/repository/org/mapstruct/mapstruct-processor/1.5.2.Final/mapstruct-processor-1.5.2.Final.jar:/Users/willian.sanches/.m2/repository/org/springframework/boot/spring-boot-devtools/3.3.5/spring-boot-devtools-3.3.5.jar:/Users/willian.sanches/.m2/repository/org/springframework/boot/spring-boot/3.3.5/spring-boot-3.3.5.jar:/Users/willian.sanches/.m2/repository/org/springframework/boot/spring-boot-autoconfigure/3.3.5/spring-boot-autoconfigure-3.3.5.jar:/Users/willian.sanches/.m2/repository/org/springframework/boot/spring-boot-starter-test/3.3.5/spring-boot-starter-test-3.3.5.jar:/Users/willian.sanches/.m2/repository/org/springframework/boot/spring-boot-test/3.3.5/spring-boot-test-3.3.5.jar:/Users/willian.sanches/.m2/repository/org/springframework/boot/spring-boot-test-autoconfigure/3.3.5/spring-boot-test-autoconfigure-3.3.5.jar:/Users/willian.sanches/.m2/repository/com/jayway/jsonpath/json-path/2.9.0/json-path-2.9.0.jar:/Users/willian.sanches/.m2/repository/net/minidev/json-smart/2.5.1/json-smart-2.5.1.jar:/Users/willian.sanches/.m2/repository/net/minidev/accessors-smart/2.5.1/accessors-smart-2.5.1.jar:/Users/willian.sanches/.m2/repository/org/ow2/asm/asm/9.6/asm-9.6.jar:/Users/willian.sanches/.m2/repository/org/assertj/assertj-core/3.25.3/assertj-core-3.25.3.jar:/Users/willian.sanches/.m2/repository/org/awaitility/awaitility/4.2.2/awaitility-4.2.2.jar:/Users/willian.sanches/.m2/repository/org/junit/jupiter/junit-jupiter/5.10.5/junit-jupiter-5.10.5.jar:/Users/willian.sanches/.m2/repository/org/junit/jupiter/junit-jupiter-api/5.10.5/junit-jupiter-api-5.10.5.jar:/Users/willian.sanches/.m2/repository/org/opentest4j/opentest4j/1.3.0/opentest4j-1.3.0.jar:/Users/willian.sanches/.m2/repository/org/junit/platform/junit-platform-commons/1.10.5/junit-platform-commons-1.10.5.jar:/Users/willian.sanches/.m2/repository/org/apiguardian/apiguardian-api/1.1.2/apiguardian-api-1.1.2.jar:/Users/willian.sanches/.m2/repository/org/junit/jupiter/junit-jupiter-params/5.10.5/junit-jupiter-params-5.10.5.jar:/Users/willian.sanches/.m2/repository/org/junit/jupiter/junit-jupiter-engine/5.10.5/junit-jupiter-engine-5.10.5.jar:/Users/willian.sanches/.m2/repository/org/junit/platform/junit-platform-engine/1.10.5/junit-platform-engine-1.10.5.jar:/Users/willian.sanches/.m2/repository/org/mockito/mockito-core/5.11.0/mockito-core-5.11.0.jar:/Users/willian.sanches/.m2/repository/net/bytebuddy/byte-buddy-agent/1.14.19/byte-buddy-agent-1.14.19.jar:/Users/willian.sanches/.m2/repository/org/objenesis/objenesis/3.3/objenesis-3.3.jar:/Users/willian.sanches/.m2/repository/org/mockito/mockito-junit-jupiter/5.11.0/mockito-junit-jupiter-5.11.0.jar:/Users/willian.sanches/.m2/repository/org/skyscreamer/jsonassert/1.5.3/jsonassert-1.5.3.jar:/Users/willian.sanches/.m2/repository/com/vaadin/external/google/android-json/0.0.20131108.vaadin1/android-json-0.0.20131108.vaadin1.jar:/Users/willian.sanches/.m2/repository/org/springframework/spring-core/6.1.14/spring-core-6.1.14.jar:/Users/willian.sanches/.m2/repository/org/springframework/spring-jcl/6.1.14/spring-jcl-6.1.14.jar:/Users/willian.sanches/.m2/repository/org/springframework/spring-test/6.1.14/spring-test-6.1.14.jar:/Users/willian.sanches/.m2/repository/org/xmlunit/xmlunit-core/2.9.1/xmlunit-core-2.9.1.jar:"/>
    <property name="sun.cpu.endian" value="little"/>
    <property name="user.home" value="/Users/willian.sanches"/>
    <property name="user.language" value="en"/>
    <property name="java.specification.vendor" value="Oracle Corporation"/>
    <property name="java.version.date" value="2024-07-16"/>
    <property name="java.home" value="/Users/willian.sanches/Library/Java/JavaVirtualMachines/corretto-17.0.12/Contents/Home"/>
    <property name="file.separator" value="/"/>
    <property name="basedir" value="/Users/willian.sanches/Dev/presence-hub/backend/presence-hub-back"/>
    <property name="java.vm.compressedOopsMode" value="Zero based"/>
    <property name="line.separator" value="&#10;"/>
    <property name="java.vm.specification.vendor" value="Oracle Corporation"/>
    <property name="java.specification.name" value="Java Platform API Specification"/>
    <property name="FILE_LOG_CHARSET" value="UTF-8"/>
    <property name="java.awt.headless" value="true"/>
    <property name="surefire.real.class.path" value="/Users/willian.sanches/Dev/presence-hub/backend/presence-hub-back/target/surefire/surefirebooter-20241210171102935_3.jar"/>
    <property name="sun.management.compiler" value="HotSpot 64-Bit Tiered Compilers"/>
    <property name="ftp.nonProxyHosts" value="local|*.local|169.254/16|*.169.254/16"/>
    <property name="java.runtime.version" value="17.0.12+7-LTS"/>
    <property name="user.name" value="willian.sanches"/>
    <property name="path.separator" value=":"/>
    <property name="os.version" value="14.7"/>
    <property name="java.runtime.name" value="OpenJDK Runtime Environment"/>
    <property name="file.encoding" value="UTF-8"/>
    <property name="java.vm.name" value="OpenJDK 64-Bit Server VM"/>
    <property name="java.vendor.version" value="Corretto-17.0.12.7.1"/>
    <property name="localRepository" value="/Users/willian.sanches/.m2/repository"/>
    <property name="java.vendor.url.bug" value="https://github.com/corretto/corretto-17/issues/"/>
    <property name="java.io.tmpdir" value="/var/folders/mv/w2_5smgd6yzb8mwxg8lqngxc0000gr/T/"/>
    <property name="idea.version" value="2024.2.2"/>
    <property name="catalina.home" value="/private/var/folders/mv/w2_5smgd6yzb8mwxg8lqngxc0000gr/T/tomcat.0.7591348657461982892"/>
    <property name="com.zaxxer.hikari.pool_number" value="1"/>
    <property name="java.version" value="17.0.12"/>
    <property name="user.dir" value="/Users/willian.sanches/Dev/presence-hub/backend/presence-hub-back"/>
    <property name="os.arch" value="aarch64"/>
    <property name="java.vm.specification.name" value="Java Virtual Machine Specification"/>
    <property name="PID" value="41030"/>
    <property name="CONSOLE_LOG_CHARSET" value="UTF-8"/>
    <property name="catalina.base" value="/private/var/folders/mv/w2_5smgd6yzb8mwxg8lqngxc0000gr/T/tomcat.0.7591348657461982892"/>
    <property name="native.encoding" value="UTF-8"/>
    <property name="java.library.path" value="/Users/willian.sanches/Library/Java/Extensions:/Library/Java/Extensions:/Network/Library/Java/Extensions:/System/Library/Java/Extensions:/usr/lib/java:."/>
    <property name="java.vm.info" value="mixed mode, sharing"/>
    <property name="java.vendor" value="Amazon.com Inc."/>
    <property name="java.vm.version" value="17.0.12+7-LTS"/>
    <property name="sun.io.unicode.encoding" value="UnicodeBig"/>
    <property name="socksNonProxyHosts" value="local|*.local|169.254/16|*.169.254/16"/>
    <property name="java.class.version" value="61.0"/>
  </properties>
  <testcase name="testCreateParticipacao" classname="com.oficina.presence_hub.controllers.ParticipacaoControllerTest" time="1.222">
    <system-out><![CDATA[Standard Commons Logging discovery in action with spring-jcl: please remove commons-logging.jar from classpath in order to avoid potential conflicts
17:11:03.506 [main] INFO org.springframework.test.context.support.AnnotationConfigContextLoaderUtils -- Could not detect default configuration classes for test class [com.oficina.presence_hub.controllers.ParticipacaoControllerTest]: ParticipacaoControllerTest does not declare any static, non-private, non-final, nested classes annotated with @Configuration.
17:11:03.585 [main] INFO org.springframework.boot.test.context.SpringBootTestContextBootstrapper -- Found @SpringBootConfiguration com.oficina.presence_hub.PresenceHubApplication for test class com.oficina.presence_hub.controllers.ParticipacaoControllerTest
17:11:03.651 [main] INFO org.springframework.boot.devtools.restart.RestartApplicationListener -- Restart disabled due to context in which it is running

  .   ____          _            __ _ _
 /\\ / ___'_ __ _ _(_)_ __  __ _ \ \ \ \
( ( )\___ | '_ | '_| | '_ \/ _` | \ \ \ \
 \\/  ___)| |_)| | | | | || (_| |  ) ) ) )
  '  |____| .__|_| |_|_| |_\__, | / / / /
 =========|_|==============|___/=/_/_/_/

 :: Spring Boot ::                (v3.3.5)

2024-12-10T17:11:03.777-03:00  INFO 41030 --- [           main] c.o.p.c.ParticipacaoControllerTest       : Starting ParticipacaoControllerTest using Java 17.0.12 with PID 41030 (started by willian.sanches in /Users/willian.sanches/Dev/presence-hub/backend/presence-hub-back)
2024-12-10T17:11:03.778-03:00  INFO 41030 --- [           main] c.o.p.c.ParticipacaoControllerTest       : The following 1 profile is active: "test"
2024-12-10T17:11:04.193-03:00  INFO 41030 --- [           main] .s.d.r.c.RepositoryConfigurationDelegate : Bootstrapping Spring Data JPA repositories in DEFAULT mode.
2024-12-10T17:11:04.233-03:00  INFO 41030 --- [           main] .s.d.r.c.RepositoryConfigurationDelegate : Finished Spring Data repository scanning in 36 ms. Found 5 JPA repository interfaces.
2024-12-10T17:11:04.505-03:00  INFO 41030 --- [           main] o.s.b.w.embedded.tomcat.TomcatWebServer  : Tomcat initialized with port 0 (http)
2024-12-10T17:11:04.512-03:00  INFO 41030 --- [           main] o.apache.catalina.core.StandardService   : Starting service [Tomcat]
2024-12-10T17:11:04.513-03:00  INFO 41030 --- [           main] o.apache.catalina.core.StandardEngine    : Starting Servlet engine: [Apache Tomcat/10.1.31]
2024-12-10T17:11:04.541-03:00  INFO 41030 --- [           main] o.a.c.c.C.[Tomcat].[localhost].[/]       : Initializing Spring embedded WebApplicationContext
2024-12-10T17:11:04.541-03:00  INFO 41030 --- [           main] w.s.c.ServletWebServerApplicationContext : Root WebApplicationContext: initialization completed in 651 ms
Standard Commons Logging discovery in action with spring-jcl: please remove commons-logging.jar from classpath in order to avoid potential conflicts
2024-12-10T17:11:04.584-03:00  INFO 41030 --- [           main] com.zaxxer.hikari.HikariDataSource       : HikariPool-1 - Starting...
2024-12-10T17:11:04.678-03:00  INFO 41030 --- [           main] com.zaxxer.hikari.pool.HikariPool        : HikariPool-1 - Added connection conn0: url=jdbc:h2:mem:testdb user=SA
2024-12-10T17:11:04.679-03:00  INFO 41030 --- [           main] com.zaxxer.hikari.HikariDataSource       : HikariPool-1 - Start completed.
2024-12-10T17:11:04.680-03:00 DEBUG 41030 --- [           main] o.s.jdbc.datasource.init.ScriptUtils     : Executing SQL script from file [/Users/willian.sanches/Dev/presence-hub/backend/presence-hub-back/target/test-classes/data.sql]
2024-12-10T17:11:04.687-03:00 DEBUG 41030 --- [           main] o.s.jdbc.datasource.init.ScriptUtils     : 0 returned as update count for SQL: CREATE TABLE aluno ( id BIGINT AUTO_INCREMENT PRIMARY KEY, nome VARCHAR(255) NOT NULL, email VARCHAR(255) NOT NULL, senha VARCHAR(255) NOT NULL, idade INT, serie VARCHAR(255), instituicao_de_ensino VARCHAR(255), telefone_contato VARCHAR(255), cidade VARCHAR(255), estado VARCHAR(255), nome_responsavel VARCHAR(255), telefone_responsavel VARCHAR(255), matricula_projeto VARCHAR(255), status_participacao VARCHAR(255), data_inscricao DATE, observacoes TEXT )
2024-12-10T17:11:04.687-03:00 DEBUG 41030 --- [           main] o.s.jdbc.datasource.init.ScriptUtils     : 0 returned as update count for SQL: CREATE TABLE professor ( id BIGINT AUTO_INCREMENT PRIMARY KEY, nome VARCHAR(255) NOT NULL, email VARCHAR(255) NOT NULL, telefone_contato VARCHAR(255), especializacao VARCHAR(255), instituicao_vinculo VARCHAR(255) )
2024-12-10T17:11:04.693-03:00 DEBUG 41030 --- [           main] o.s.jdbc.datasource.init.ScriptUtils     : 0 returned as update count for SQL: CREATE TABLE IF NOT EXISTS WORKSHOP ( id BIGINT AUTO_INCREMENT PRIMARY KEY, titulo VARCHAR(255) NOT NULL, descricao VARCHAR(255), data DATE, professor_id BIGINT, FOREIGN KEY (professor_id) REFERENCES professor(id) )
2024-12-10T17:11:04.695-03:00 DEBUG 41030 --- [           main] o.s.jdbc.datasource.init.ScriptUtils     : 0 returned as update count for SQL: CREATE TABLE IF NOT EXISTS CERTIFICADO ( id BIGINT AUTO_INCREMENT PRIMARY KEY, aluno_id BIGINT, workshop_id BIGINT, assinatura_digital VARCHAR(255), data_emissao DATE, FOREIGN KEY (aluno_id) REFERENCES ALUNO(id), FOREIGN KEY (workshop_id) REFERENCES WORKSHOP(id) )
2024-12-10T17:11:04.696-03:00 DEBUG 41030 --- [           main] o.s.jdbc.datasource.init.ScriptUtils     : 0 returned as update count for SQL: CREATE TABLE IF NOT EXISTS PARTICIPACAO ( id BIGINT AUTO_INCREMENT PRIMARY KEY, aluno_id BIGINT, workshop_id BIGINT, presente BOOLEAN, FOREIGN KEY (aluno_id) REFERENCES ALUNO(id), FOREIGN KEY (workshop_id) REFERENCES WORKSHOP(id))
2024-12-10T17:11:04.698-03:00 DEBUG 41030 --- [           main] o.s.jdbc.datasource.init.ScriptUtils     : 1 returned as update count for SQL: INSERT INTO aluno (id, nome, email, senha, idade, serie, instituicao_de_ensino, telefone_contato, cidade, estado, nome_responsavel, telefone_responsavel, matricula_projeto, status_participacao, data_inscricao, observacoes) VALUES (999, 'John Doe', 'john.doe@example.com', 'password', 23, '5th Year', 'Example Institute', '123-456-7893', 'Example Village', 'Example State', 'David Brown', '098-765-4324', '654323', 'Active', '2023-03-01', 'No observations')
2024-12-10T17:11:04.698-03:00 DEBUG 41030 --- [           main] o.s.jdbc.datasource.init.ScriptUtils     : 1 returned as update count for SQL: INSERT INTO aluno (id, nome, email, senha, idade, serie, instituicao_de_ensino, telefone_contato, cidade, estado, nome_responsavel, telefone_responsavel, matricula_projeto, status_participacao, data_inscricao, observacoes) VALUES (998, 'Jane Doe', 'jane.doe@example.com', 'password', 23, '5th Year', 'Example Institute', '123-456-7893', 'Example Village', 'Example State', 'David Brown', '098-765-4324', '654323', 'Active', '2023-03-01', 'No observations')
2024-12-10T17:11:04.699-03:00 DEBUG 41030 --- [           main] o.s.jdbc.datasource.init.ScriptUtils     : 1 returned as update count for SQL: INSERT INTO WORKSHOP (id, titulo, descricao, data) VALUES (997, 'Workshop 1', 'Description for Workshop 1', '2023-10-01')
2024-12-10T17:11:04.699-03:00 DEBUG 41030 --- [           main] o.s.jdbc.datasource.init.ScriptUtils     : 1 returned as update count for SQL: INSERT INTO WORKSHOP (id, titulo, descricao, data) VALUES (996, 'Workshop 2', 'Description for Workshop 2', '2023-11-01')
2024-12-10T17:11:04.699-03:00 DEBUG 41030 --- [           main] o.s.jdbc.datasource.init.ScriptUtils     : 1 returned as update count for SQL: INSERT INTO WORKSHOP (id, titulo, descricao, data) VALUES (995, 'Workshop 3', 'Description for Workshop 3', '2023-12-01')
2024-12-10T17:11:04.699-03:00 DEBUG 41030 --- [           main] o.s.jdbc.datasource.init.ScriptUtils     : 1 returned as update count for SQL: INSERT INTO PARTICIPACAO (id, aluno_id, workshop_id, presente) VALUES (999, 998, 997, true)
2024-12-10T17:11:04.700-03:00 DEBUG 41030 --- [           main] o.s.jdbc.datasource.init.ScriptUtils     : 1 returned as update count for SQL: INSERT INTO PARTICIPACAO (id, aluno_id, workshop_id, presente) VALUES (998, 999, 996, false)
2024-12-10T17:11:04.700-03:00 DEBUG 41030 --- [           main] o.s.jdbc.datasource.init.ScriptUtils     : 1 returned as update count for SQL: INSERT INTO CERTIFICADO (id, aluno_id, workshop_id, assinatura_digital, data_emissao) VALUES (991, 998, 997, 'digital-signature-1', '2023-10-01')
2024-12-10T17:11:04.701-03:00 DEBUG 41030 --- [           main] o.s.jdbc.datasource.init.ScriptUtils     : 1 returned as update count for SQL: INSERT INTO CERTIFICADO (id, aluno_id, workshop_id, assinatura_digital, data_emissao) VALUES (992, 999, 996, 'digital-signature-2', '2023-11-01')
2024-12-10T17:11:04.701-03:00 DEBUG 41030 --- [           main] o.s.jdbc.datasource.init.ScriptUtils     : 1 returned as update count for SQL: INSERT INTO CERTIFICADO (id, aluno_id, workshop_id, assinatura_digital, data_emissao) VALUES (993, 998, 995, 'digital-signature-3', '2023-12-01')
2024-12-10T17:11:04.702-03:00 DEBUG 41030 --- [           main] o.s.jdbc.datasource.init.ScriptUtils     : Executed SQL script from file [/Users/willian.sanches/Dev/presence-hub/backend/presence-hub-back/target/test-classes/data.sql] in 21 ms.
2024-12-10T17:11:04.745-03:00  INFO 41030 --- [           main] o.hibernate.jpa.internal.util.LogHelper  : HHH000204: Processing PersistenceUnitInfo [name: default]
2024-12-10T17:11:04.768-03:00  INFO 41030 --- [           main] org.hibernate.Version                    : HHH000412: Hibernate ORM core version 6.2.5.Final
2024-12-10T17:11:04.769-03:00  INFO 41030 --- [           main] org.hibernate.cfg.Environment            : HHH000406: Using bytecode reflection optimizer
2024-12-10T17:11:04.828-03:00  INFO 41030 --- [           main] o.h.b.i.BytecodeProviderInitiator        : HHH000021: Bytecode provider name : bytebuddy
2024-12-10T17:11:04.886-03:00  INFO 41030 --- [           main] o.s.o.j.p.SpringPersistenceUnitInfo      : No LoadTimeWeaver setup: ignoring JPA class transformer
2024-12-10T17:11:04.904-03:00  WARN 41030 --- [           main] org.hibernate.orm.deprecation            : HHH90000026: PostgreSQL10Dialect has been deprecated; use org.hibernate.dialect.PostgreSQLDialect instead
2024-12-10T17:11:04.914-03:00 DEBUG 41030 --- [           main] o.h.t.d.sql.spi.DdlTypeRegistry          : addDescriptor(6, org.hibernate.type.descriptor.sql.internal.CapacityDependentDdlType@405603b6) replaced previous registration(org.hibernate.type.descriptor.sql.internal.DdlTypeImpl@3c3cd13a)
2024-12-10T17:11:05.017-03:00  INFO 41030 --- [           main] o.h.b.i.BytecodeProviderInitiator        : HHH000021: Bytecode provider name : bytebuddy
2024-12-10T17:11:05.320-03:00  INFO 41030 --- [           main] o.h.e.t.j.p.i.JtaPlatformInitiator       : HHH000490: Using JtaPlatform implementation: [org.hibernate.engine.transaction.jta.platform.internal.NoJtaPlatform]
2024-12-10T17:11:05.321-03:00  INFO 41030 --- [           main] j.LocalContainerEntityManagerFactoryBean : Initialized JPA EntityManagerFactory for persistence unit 'default'
2024-12-10T17:11:05.470-03:00  WARN 41030 --- [           main] JpaBaseConfiguration$JpaWebConfiguration : spring.jpa.open-in-view is enabled by default. Therefore, database queries may be performed during view rendering. Explicitly configure spring.jpa.open-in-view to disable this warning
2024-12-10T17:11:05.677-03:00  INFO 41030 --- [           main] o.s.b.w.embedded.tomcat.TomcatWebServer  : Tomcat started on port 63826 (http) with context path '/'
2024-12-10T17:11:05.682-03:00  INFO 41030 --- [           main] c.o.p.c.ParticipacaoControllerTest       : Started ParticipacaoControllerTest in 2.036 seconds (process running for 2.654)
2024-12-10T17:11:06.543-03:00  INFO 41030 --- [o-auto-1-exec-1] o.a.c.c.C.[Tomcat].[localhost].[/]       : Initializing Spring DispatcherServlet 'dispatcherServlet'
2024-12-10T17:11:06.543-03:00  INFO 41030 --- [o-auto-1-exec-1] o.s.web.servlet.DispatcherServlet        : Initializing Servlet 'dispatcherServlet'
2024-12-10T17:11:06.544-03:00  INFO 41030 --- [o-auto-1-exec-1] o.s.web.servlet.DispatcherServlet        : Completed initialization in 0 ms
2024-12-10T17:11:06.607-03:00 DEBUG 41030 --- [o-auto-1-exec-1] org.hibernate.SQL                        : 
    insert 
    into
        participacao
        (aluno_id,presente,workshop_id) 
    values
        (?,?,?)
2024-12-10T17:11:06.641-03:00 DEBUG 41030 --- [o-auto-1-exec-1] org.hibernate.SQL                        : 
    select
        a1_0.id,
        a1_0.cidade,
        a1_0.data_inscricao,
        a1_0.email,
        a1_0.estado,
        a1_0.idade,
        a1_0.instituicao_de_ensino,
        a1_0.matricula_projeto,
        a1_0.nome,
        a1_0.nome_responsavel,
        a1_0.observacoes,
        a1_0.senha,
        a1_0.serie,
        a1_0.status_participacao,
        a1_0.telefone_contato,
        a1_0.telefone_responsavel 
    from
        aluno a1_0 
    where
        a1_0.id=?
2024-12-10T17:11:06.648-03:00 DEBUG 41030 --- [o-auto-1-exec-1] org.hibernate.SQL                        : 
    select
        w1_0.id,
        w1_0.data,
        w1_0.descricao,
        p1_0.id,
        p1_0.email,
        p1_0.especializacao,
        p1_0.instituicao_vinculo,
        p1_0.nome,
        p1_0.telefone_contato,
        w1_0.titulo 
    from
        workshop w1_0 
    left join
        professor p1_0 
            on p1_0.id=w1_0.professor_id 
    where
        w1_0.id=?
]]></system-out>
  </testcase>
  <testcase name="testGetAllParticipacoes" classname="com.oficina.presence_hub.controllers.ParticipacaoControllerTest" time="0.066">
    <system-out><![CDATA[2024-12-10T17:11:06.966-03:00 DEBUG 41030 --- [o-auto-1-exec-2] org.hibernate.SQL                        : 
    select
        p1_0.id,
        p1_0.aluno_id,
        p1_0.presente,
        p1_0.workshop_id 
    from
        participacao p1_0
2024-12-10T17:11:06.968-03:00 DEBUG 41030 --- [o-auto-1-exec-2] org.hibernate.SQL                        : 
    select
        a1_0.id,
        a1_0.cidade,
        a1_0.data_inscricao,
        a1_0.email,
        a1_0.estado,
        a1_0.idade,
        a1_0.instituicao_de_ensino,
        a1_0.matricula_projeto,
        a1_0.nome,
        a1_0.nome_responsavel,
        a1_0.observacoes,
        a1_0.senha,
        a1_0.serie,
        a1_0.status_participacao,
        a1_0.telefone_contato,
        a1_0.telefone_responsavel 
    from
        aluno a1_0 
    where
        a1_0.id=?
2024-12-10T17:11:06.968-03:00 DEBUG 41030 --- [o-auto-1-exec-2] org.hibernate.SQL                        : 
    select
        w1_0.id,
        w1_0.data,
        w1_0.descricao,
        p1_0.id,
        p1_0.email,
        p1_0.especializacao,
        p1_0.instituicao_vinculo,
        p1_0.nome,
        p1_0.telefone_contato,
        w1_0.titulo 
    from
        workshop w1_0 
    left join
        professor p1_0 
            on p1_0.id=w1_0.professor_id 
    where
        w1_0.id=?
2024-12-10T17:11:06.969-03:00 DEBUG 41030 --- [o-auto-1-exec-2] org.hibernate.SQL                        : 
    select
        a1_0.id,
        a1_0.cidade,
        a1_0.data_inscricao,
        a1_0.email,
        a1_0.estado,
        a1_0.idade,
        a1_0.instituicao_de_ensino,
        a1_0.matricula_projeto,
        a1_0.nome,
        a1_0.nome_responsavel,
        a1_0.observacoes,
        a1_0.senha,
        a1_0.serie,
        a1_0.status_participacao,
        a1_0.telefone_contato,
        a1_0.telefone_responsavel 
    from
        aluno a1_0 
    where
        a1_0.id=?
2024-12-10T17:11:06.969-03:00 DEBUG 41030 --- [o-auto-1-exec-2] org.hibernate.SQL                        : 
    select
        w1_0.id,
        w1_0.data,
        w1_0.descricao,
        p1_0.id,
        p1_0.email,
        p1_0.especializacao,
        p1_0.instituicao_vinculo,
        p1_0.nome,
        p1_0.telefone_contato,
        w1_0.titulo 
    from
        workshop w1_0 
    left join
        professor p1_0 
            on p1_0.id=w1_0.professor_id 
    where
        w1_0.id=?
]]></system-out>
  </testcase>
  <testcase name="testDeleteParticipacao" classname="com.oficina.presence_hub.controllers.ParticipacaoControllerTest" time="0.019">
    <system-out><![CDATA[2024-12-10T17:11:06.983-03:00 DEBUG 41030 --- [o-auto-1-exec-3] org.hibernate.SQL                        : 
    select
        p1_0.id,
        a1_0.id,
        a1_0.cidade,
        a1_0.data_inscricao,
        a1_0.email,
        a1_0.estado,
        a1_0.idade,
        a1_0.instituicao_de_ensino,
        a1_0.matricula_projeto,
        a1_0.nome,
        a1_0.nome_responsavel,
        a1_0.observacoes,
        a1_0.senha,
        a1_0.serie,
        a1_0.status_participacao,
        a1_0.telefone_contato,
        a1_0.telefone_responsavel,
        p1_0.presente,
        w1_0.id,
        w1_0.data,
        w1_0.descricao,
        p2_0.id,
        p2_0.email,
        p2_0.especializacao,
        p2_0.instituicao_vinculo,
        p2_0.nome,
        p2_0.telefone_contato,
        w1_0.titulo 
    from
        participacao p1_0 
    left join
        aluno a1_0 
            on a1_0.id=p1_0.aluno_id 
    left join
        workshop w1_0 
            on w1_0.id=p1_0.workshop_id 
    left join
        professor p2_0 
            on p2_0.id=w1_0.professor_id 
    where
        p1_0.id=?
2024-12-10T17:11:06.989-03:00 DEBUG 41030 --- [o-auto-1-exec-3] org.hibernate.SQL                        : 
    delete 
    from
        participacao 
    where
        id=?
]]></system-out>
  </testcase>
  <testcase name="testUpdateParticipacao" classname="com.oficina.presence_hub.controllers.ParticipacaoControllerTest" time="0.015">
    <system-out><![CDATA[2024-12-10T17:11:07.001-03:00 DEBUG 41030 --- [o-auto-1-exec-4] org.hibernate.SQL                        : 
    select
        p1_0.id,
        a1_0.id,
        a1_0.cidade,
        a1_0.data_inscricao,
        a1_0.email,
        a1_0.estado,
        a1_0.idade,
        a1_0.instituicao_de_ensino,
        a1_0.matricula_projeto,
        a1_0.nome,
        a1_0.nome_responsavel,
        a1_0.observacoes,
        a1_0.senha,
        a1_0.serie,
        a1_0.status_participacao,
        a1_0.telefone_contato,
        a1_0.telefone_responsavel,
        p1_0.presente,
        w1_0.id,
        w1_0.data,
        w1_0.descricao,
        p2_0.id,
        p2_0.email,
        p2_0.especializacao,
        p2_0.instituicao_vinculo,
        p2_0.nome,
        p2_0.telefone_contato,
        w1_0.titulo 
    from
        participacao p1_0 
    left join
        aluno a1_0 
            on a1_0.id=p1_0.aluno_id 
    left join
        workshop w1_0 
            on w1_0.id=p1_0.workshop_id 
    left join
        professor p2_0 
            on p2_0.id=w1_0.professor_id 
    where
        p1_0.id=?
2024-12-10T17:11:07.005-03:00 DEBUG 41030 --- [o-auto-1-exec-4] org.hibernate.SQL                        : 
    update
        participacao 
    set
        aluno_id=?,
        presente=?,
        workshop_id=? 
    where
        id=?
]]></system-out>
  </testcase>
  <testcase name="testGetParticipacaoById" classname="com.oficina.presence_hub.controllers.ParticipacaoControllerTest" time="0.017">
    <system-out><![CDATA[2024-12-10T17:11:07.017-03:00 DEBUG 41030 --- [o-auto-1-exec-5] org.hibernate.SQL                        : 
    select
        p1_0.id,
        a1_0.id,
        a1_0.cidade,
        a1_0.data_inscricao,
        a1_0.email,
        a1_0.estado,
        a1_0.idade,
        a1_0.instituicao_de_ensino,
        a1_0.matricula_projeto,
        a1_0.nome,
        a1_0.nome_responsavel,
        a1_0.observacoes,
        a1_0.senha,
        a1_0.serie,
        a1_0.status_participacao,
        a1_0.telefone_contato,
        a1_0.telefone_responsavel,
        p1_0.presente,
        w1_0.id,
        w1_0.data,
        w1_0.descricao,
        p2_0.id,
        p2_0.email,
        p2_0.especializacao,
        p2_0.instituicao_vinculo,
        p2_0.nome,
        p2_0.telefone_contato,
        w1_0.titulo 
    from
        participacao p1_0 
    left join
        aluno a1_0 
            on a1_0.id=p1_0.aluno_id 
    left join
        workshop w1_0 
            on w1_0.id=p1_0.workshop_id 
    left join
        professor p2_0 
            on p2_0.id=w1_0.professor_id 
    where
        p1_0.id=?
]]></system-out>
  </testcase>
</testsuite>