<?xml version="1.0" encoding="UTF-8"?>
<testsuite xmlns:xsi="http://www.w3.org/2001/XMLSchema-instance" xsi:noNamespaceSchemaLocation="https://maven.apache.org/surefire/maven-surefire-plugin/xsd/surefire-test-report-3.0.xsd" version="3.0" name="com.oficina.presence_hub.controllers.AlunoControllerTest" time="0.109" tests="5" errors="0" skipped="0" failures="0">
  <properties>
    <property name="java.specification.version" value="17"/>
    <property name="sun.jnu.encoding" value="UTF-8"/>
    <property name="java.class.path" value="/Users/willian.sanches/Dev/presence-hub/backend/presence-hub-back/target/test-classes:/Users/willian.sanches/Dev/presence-hub/backend/presence-hub-back/target/classes:/Users/willian.sanches/.m2/repository/io/rest-assured/rest-assured/5.3.0/rest-assured-5.3.0.jar:/Users/willian.sanches/.m2/repository/org/apache/groovy/groovy/4.0.23/groovy-4.0.23.jar:/Users/willian.sanches/.m2/repository/org/apache/groovy/groovy-xml/4.0.23/groovy-xml-4.0.23.jar:/Users/willian.sanches/.m2/repository/org/apache/httpcomponents/httpclient/4.5.13/httpclient-4.5.13.jar:/Users/willian.sanches/.m2/repository/org/apache/httpcomponents/httpcore/4.4.16/httpcore-4.4.16.jar:/Users/willian.sanches/.m2/repository/commons-logging/commons-logging/1.2/commons-logging-1.2.jar:/Users/willian.sanches/.m2/repository/commons-codec/commons-codec/1.16.1/commons-codec-1.16.1.jar:/Users/willian.sanches/.m2/repository/org/apache/httpcomponents/httpmime/4.5.13/httpmime-4.5.13.jar:/Users/willian.sanches/.m2/repository/org/hamcrest/hamcrest/2.2/hamcrest-2.2.jar:/Users/willian.sanches/.m2/repository/org/ccil/cowan/tagsoup/tagsoup/1.2.1/tagsoup-1.2.1.jar:/Users/willian.sanches/.m2/repository/io/rest-assured/json-path/5.4.0/json-path-5.4.0.jar:/Users/willian.sanches/.m2/repository/org/apache/groovy/groovy-json/4.0.23/groovy-json-4.0.23.jar:/Users/willian.sanches/.m2/repository/io/rest-assured/rest-assured-common/5.4.0/rest-assured-common-5.4.0.jar:/Users/willian.sanches/.m2/repository/io/rest-assured/xml-path/5.4.0/xml-path-5.4.0.jar:/Users/willian.sanches/.m2/repository/org/apache/commons/commons-lang3/3.14.0/commons-lang3-3.14.0.jar:/Users/willian.sanches/.m2/repository/com/h2database/h2/2.2.224/h2-2.2.224.jar:/Users/willian.sanches/.m2/repository/org/springframework/boot/spring-boot-starter-data-jpa/3.3.5/spring-boot-starter-data-jpa-3.3.5.jar:/Users/willian.sanches/.m2/repository/org/springframework/boot/spring-boot-starter-aop/3.3.5/spring-boot-starter-aop-3.3.5.jar:/Users/willian.sanches/.m2/repository/org/springframework/spring-aop/6.1.14/spring-aop-6.1.14.jar:/Users/willian.sanches/.m2/repository/org/aspectj/aspectjweaver/1.9.22.1/aspectjweaver-1.9.22.1.jar:/Users/willian.sanches/.m2/repository/org/springframework/boot/spring-boot-starter-jdbc/3.3.5/spring-boot-starter-jdbc-3.3.5.jar:/Users/willian.sanches/.m2/repository/com/zaxxer/HikariCP/5.1.0/HikariCP-5.1.0.jar:/Users/willian.sanches/.m2/repository/org/springframework/spring-jdbc/6.1.14/spring-jdbc-6.1.14.jar:/Users/willian.sanches/.m2/repository/org/springframework/data/spring-data-jpa/3.3.5/spring-data-jpa-3.3.5.jar:/Users/willian.sanches/.m2/repository/org/springframework/data/spring-data-commons/3.3.5/spring-data-commons-3.3.5.jar:/Users/willian.sanches/.m2/repository/org/springframework/spring-orm/6.1.14/spring-orm-6.1.14.jar:/Users/willian.sanches/.m2/repository/org/springframework/spring-context/6.1.14/spring-context-6.1.14.jar:/Users/willian.sanches/.m2/repository/org/springframework/spring-tx/6.1.14/spring-tx-6.1.14.jar:/Users/willian.sanches/.m2/repository/org/springframework/spring-beans/6.1.14/spring-beans-6.1.14.jar:/Users/willian.sanches/.m2/repository/jakarta/annotation/jakarta.annotation-api/2.1.1/jakarta.annotation-api-2.1.1.jar:/Users/willian.sanches/.m2/repository/org/slf4j/slf4j-api/2.0.16/slf4j-api-2.0.16.jar:/Users/willian.sanches/.m2/repository/org/springframework/spring-aspects/6.1.14/spring-aspects-6.1.14.jar:/Users/willian.sanches/.m2/repository/org/postgresql/postgresql/42.7.4/postgresql-42.7.4.jar:/Users/willian.sanches/.m2/repository/org/checkerframework/checker-qual/3.42.0/checker-qual-3.42.0.jar:/Users/willian.sanches/.m2/repository/org/hibernate/orm/hibernate-core/6.2.5.Final/hibernate-core-6.2.5.Final.jar:/Users/willian.sanches/.m2/repository/jakarta/persistence/jakarta.persistence-api/3.1.0/jakarta.persistence-api-3.1.0.jar:/Users/willian.sanches/.m2/repository/jakarta/transaction/jakarta.transaction-api/2.0.1/jakarta.transaction-api-2.0.1.jar:/Users/willian.sanches/.m2/repository/org/jboss/logging/jboss-logging/3.5.3.Final/jboss-logging-3.5.3.Final.jar:/Users/willian.sanches/.m2/repository/org/hibernate/common/hibernate-commons-annotations/6.0.6.Final/hibernate-commons-annotations-6.0.6.Final.jar:/Users/willian.sanches/.m2/repository/io/smallrye/jandex/3.0.5/jandex-3.0.5.jar:/Users/willian.sanches/.m2/repository/com/fasterxml/classmate/1.7.0/classmate-1.7.0.jar:/Users/willian.sanches/.m2/repository/net/bytebuddy/byte-buddy/1.14.19/byte-buddy-1.14.19.jar:/Users/willian.sanches/.m2/repository/jakarta/xml/bind/jakarta.xml.bind-api/4.0.2/jakarta.xml.bind-api-4.0.2.jar:/Users/willian.sanches/.m2/repository/jakarta/activation/jakarta.activation-api/2.1.3/jakarta.activation-api-2.1.3.jar:/Users/willian.sanches/.m2/repository/org/glassfish/jaxb/jaxb-runtime/4.0.5/jaxb-runtime-4.0.5.jar:/Users/willian.sanches/.m2/repository/org/glassfish/jaxb/jaxb-core/4.0.5/jaxb-core-4.0.5.jar:/Users/willian.sanches/.m2/repository/org/eclipse/angus/angus-activation/2.0.2/angus-activation-2.0.2.jar:/Users/willian.sanches/.m2/repository/org/glassfish/jaxb/txw2/4.0.5/txw2-4.0.5.jar:/Users/willian.sanches/.m2/repository/com/sun/istack/istack-commons-runtime/4.1.2/istack-commons-runtime-4.1.2.jar:/Users/willian.sanches/.m2/repository/jakarta/inject/jakarta.inject-api/2.0.1/jakarta.inject-api-2.0.1.jar:/Users/willian.sanches/.m2/repository/org/antlr/antlr4-runtime/4.10.1/antlr4-runtime-4.10.1.jar:/Users/willian.sanches/.m2/repository/org/springframework/boot/spring-boot-starter-web/3.3.5/spring-boot-starter-web-3.3.5.jar:/Users/willian.sanches/.m2/repository/org/springframework/boot/spring-boot-starter/3.3.5/spring-boot-starter-3.3.5.jar:/Users/willian.sanches/.m2/repository/org/springframework/boot/spring-boot-starter-logging/3.3.5/spring-boot-starter-logging-3.3.5.jar:/Users/willian.sanches/.m2/repository/ch/qos/logback/logback-classic/1.5.11/logback-classic-1.5.11.jar:/Users/willian.sanches/.m2/repository/ch/qos/logback/logback-core/1.5.11/logback-core-1.5.11.jar:/Users/willian.sanches/.m2/repository/org/apache/logging/log4j/log4j-to-slf4j/2.23.1/log4j-to-slf4j-2.23.1.jar:/Users/willian.sanches/.m2/repository/org/apache/logging/log4j/log4j-api/2.23.1/log4j-api-2.23.1.jar:/Users/willian.sanches/.m2/repository/org/slf4j/jul-to-slf4j/2.0.16/jul-to-slf4j-2.0.16.jar:/Users/willian.sanches/.m2/repository/org/yaml/snakeyaml/2.2/snakeyaml-2.2.jar:/Users/willian.sanches/.m2/repository/org/springframework/boot/spring-boot-starter-json/3.3.5/spring-boot-starter-json-3.3.5.jar:/Users/willian.sanches/.m2/repository/com/fasterxml/jackson/core/jackson-databind/2.17.2/jackson-databind-2.17.2.jar:/Users/willian.sanches/.m2/repository/com/fasterxml/jackson/core/jackson-annotations/2.17.2/jackson-annotations-2.17.2.jar:/Users/willian.sanches/.m2/repository/com/fasterxml/jackson/core/jackson-core/2.17.2/jackson-core-2.17.2.jar:/Users/willian.sanches/.m2/repository/com/fasterxml/jackson/datatype/jackson-datatype-jdk8/2.17.2/jackson-datatype-jdk8-2.17.2.jar:/Users/willian.sanches/.m2/repository/com/fasterxml/jackson/datatype/jackson-datatype-jsr310/2.17.2/jackson-datatype-jsr310-2.17.2.jar:/Users/willian.sanches/.m2/repository/com/fasterxml/jackson/module/jackson-module-parameter-names/2.17.2/jackson-module-parameter-names-2.17.2.jar:/Users/willian.sanches/.m2/repository/org/springframework/boot/spring-boot-starter-tomcat/3.3.5/spring-boot-starter-tomcat-3.3.5.jar:/Users/willian.sanches/.m2/repository/org/apache/tomcat/embed/tomcat-embed-core/10.1.31/tomcat-embed-core-10.1.31.jar:/Users/willian.sanches/.m2/repository/org/apache/tomcat/embed/tomcat-embed-el/10.1.31/tomcat-embed-el-10.1.31.jar:/Users/willian.sanches/.m2/repository/org/apache/tomcat/embed/tomcat-embed-websocket/10.1.31/tomcat-embed-websocket-10.1.31.jar:/Users/willian.sanches/.m2/repository/org/springframework/spring-web/6.1.14/spring-web-6.1.14.jar:/Users/willian.sanches/.m2/repository/io/micrometer/micrometer-observation/1.13.6/micrometer-observation-1.13.6.jar:/Users/willian.sanches/.m2/repository/io/micrometer/micrometer-commons/1.13.6/micrometer-commons-1.13.6.jar:/Users/willian.sanches/.m2/repository/org/springframework/spring-webmvc/6.1.14/spring-webmvc-6.1.14.jar:/Users/willian.sanches/.m2/repository/org/springframework/spring-expression/6.1.14/spring-expression-6.1.14.jar:/Users/willian.sanches/.m2/repository/org/projectlombok/lombok/1.18.34/lombok-1.18.34.jar:/Users/willian.sanches/.m2/repository/org/mapstruct/mapstruct/1.5.2.Final/mapstruct-1.5.2.Final.jar:/Users/willian.sanches/.m2/repository/org/mapstruct/mapstruct-processor/1.5.2.Final/mapstruct-processor-1.5.2.Final.jar:/Users/willian.sanches/.m2/repository/org/springframework/boot/spring-boot-devtools/3.3.5/spring-boot-devtools-3.3.5.jar:/Users/willian.sanches/.m2/repository/org/springframework/boot/spring-boot/3.3.5/spring-boot-3.3.5.jar:/Users/willian.sanches/.m2/repository/org/springframework/boot/spring-boot-autoconfigure/3.3.5/spring-boot-autoconfigure-3.3.5.jar:/Users/willian.sanches/.m2/repository/org/springframework/boot/spring-boot-starter-test/3.3.5/spring-boot-starter-test-3.3.5.jar:/Users/willian.sanches/.m2/repository/org/springframework/boot/spring-boot-test/3.3.5/spring-boot-test-3.3.5.jar:/Users/willian.sanches/.m2/repository/org/springframework/boot/spring-boot-test-autoconfigure/3.3.5/spring-boot-test-autoconfigure-3.3.5.jar:/Users/willian.sanches/.m2/repository/com/jayway/jsonpath/json-path/2.9.0/json-path-2.9.0.jar:/Users/willian.sanches/.m2/repository/net/minidev/json-smart/2.5.1/json-smart-2.5.1.jar:/Users/willian.sanches/.m2/repository/net/minidev/accessors-smart/2.5.1/accessors-smart-2.5.1.jar:/Users/willian.sanches/.m2/repository/org/ow2/asm/asm/9.6/asm-9.6.jar:/Users/willian.sanches/.m2/repository/org/assertj/assertj-core/3.25.3/assertj-core-3.25.3.jar:/Users/willian.sanches/.m2/repository/org/awaitility/awaitility/4.2.2/awaitility-4.2.2.jar:/Users/willian.sanches/.m2/repository/org/junit/jupiter/junit-jupiter/5.10.5/junit-jupiter-5.10.5.jar:/Users/willian.sanches/.m2/repository/org/junit/jupiter/junit-jupiter-api/5.10.5/junit-jupiter-api-5.10.5.jar:/Users/willian.sanches/.m2/repository/org/opentest4j/opentest4j/1.3.0/opentest4j-1.3.0.jar:/Users/willian.sanches/.m2/repository/org/junit/platform/junit-platform-commons/1.10.5/junit-platform-commons-1.10.5.jar:/Users/willian.sanches/.m2/repository/org/apiguardian/apiguardian-api/1.1.2/apiguardian-api-1.1.2.jar:/Users/willian.sanches/.m2/repository/org/junit/jupiter/junit-jupiter-params/5.10.5/junit-jupiter-params-5.10.5.jar:/Users/willian.sanches/.m2/repository/org/junit/jupiter/junit-jupiter-engine/5.10.5/junit-jupiter-engine-5.10.5.jar:/Users/willian.sanches/.m2/repository/org/junit/platform/junit-platform-engine/1.10.5/junit-platform-engine-1.10.5.jar:/Users/willian.sanches/.m2/repository/org/mockito/mockito-core/5.11.0/mockito-core-5.11.0.jar:/Users/willian.sanches/.m2/repository/net/bytebuddy/byte-buddy-agent/1.14.19/byte-buddy-agent-1.14.19.jar:/Users/willian.sanches/.m2/repository/org/objenesis/objenesis/3.3/objenesis-3.3.jar:/Users/willian.sanches/.m2/repository/org/mockito/mockito-junit-jupiter/5.11.0/mockito-junit-jupiter-5.11.0.jar:/Users/willian.sanches/.m2/repository/org/skyscreamer/jsonassert/1.5.3/jsonassert-1.5.3.jar:/Users/willian.sanches/.m2/repository/com/vaadin/external/google/android-json/0.0.20131108.vaadin1/android-json-0.0.20131108.vaadin1.jar:/Users/willian.sanches/.m2/repository/org/springframework/spring-core/6.1.14/spring-core-6.1.14.jar:/Users/willian.sanches/.m2/repository/org/springframework/spring-jcl/6.1.14/spring-jcl-6.1.14.jar:/Users/willian.sanches/.m2/repository/org/springframework/spring-test/6.1.14/spring-test-6.1.14.jar:/Users/willian.sanches/.m2/repository/org/xmlunit/xmlunit-core/2.9.1/xmlunit-core-2.9.1.jar:"/>
    <property name="java.vm.vendor" value="Amazon.com Inc."/>
    <property name="sun.arch.data.model" value="64"/>
    <property name="catalina.useNaming" value="false"/>
    <property name="java.vendor.url" value="https://aws.amazon.com/corretto/"/>
    <property name="user.timezone" value="America/Sao_Paulo"/>
    <property name="org.jboss.logging.provider" value="slf4j"/>
    <property name="os.name" value="Mac OS X"/>
    <property name="java.vm.specification.version" value="17"/>
    <property name="sun.java.launcher" value="SUN_STANDARD"/>
    <property name="user.country" value="BR"/>
    <property name="sun.boot.library.path" value="/Users/willian.sanches/Library/Java/JavaVirtualMachines/corretto-17.0.12/Contents/Home/lib"/>
    <property name="sun.java.command" value="/Users/willian.sanches/Dev/presence-hub/backend/presence-hub-back/target/surefire/surefirebooter-20241210171102935_3.jar /Users/willian.sanches/Dev/presence-hub/backend/presence-hub-back/target/surefire 2024-12-10T17-11-02_852-jvmRun1 surefire-20241210171102935_1tmp surefire_0-20241210171102935_2tmp"/>
    <property name="http.nonProxyHosts" value="local|*.local|169.254/16|*.169.254/16"/>
    <property name="jdk.debug" value="release"/>
    <property name="surefire.test.class.path" value="/Users/willian.sanches/Dev/presence-hub/backend/presence-hub-back/target/test-classes:/Users/willian.sanches/Dev/presence-hub/backend/presence-hub-back/target/classes:/Users/willian.sanches/.m2/repository/io/rest-assured/rest-assured/5.3.0/rest-assured-5.3.0.jar:/Users/willian.sanches/.m2/repository/org/apache/groovy/groovy/4.0.23/groovy-4.0.23.jar:/Users/willian.sanches/.m2/repository/org/apache/groovy/groovy-xml/4.0.23/groovy-xml-4.0.23.jar:/Users/willian.sanches/.m2/repository/org/apache/httpcomponents/httpclient/4.5.13/httpclient-4.5.13.jar:/Users/willian.sanches/.m2/repository/org/apache/httpcomponents/httpcore/4.4.16/httpcore-4.4.16.jar:/Users/willian.sanches/.m2/repository/commons-logging/commons-logging/1.2/commons-logging-1.2.jar:/Users/willian.sanches/.m2/repository/commons-codec/commons-codec/1.16.1/commons-codec-1.16.1.jar:/Users/willian.sanches/.m2/repository/org/apache/httpcomponents/httpmime/4.5.13/httpmime-4.5.13.jar:/Users/willian.sanches/.m2/repository/org/hamcrest/hamcrest/2.2/hamcrest-2.2.jar:/Users/willian.sanches/.m2/repository/org/ccil/cowan/tagsoup/tagsoup/1.2.1/tagsoup-1.2.1.jar:/Users/willian.sanches/.m2/repository/io/rest-assured/json-path/5.4.0/json-path-5.4.0.jar:/Users/willian.sanches/.m2/repository/org/apache/groovy/groovy-json/4.0.23/groovy-json-4.0.23.jar:/Users/willian.sanches/.m2/repository/io/rest-assured/rest-assured-common/5.4.0/rest-assured-common-5.4.0.jar:/Users/willian.sanches/.m2/repository/io/rest-assured/xml-path/5.4.0/xml-path-5.4.0.jar:/Users/willian.sanches/.m2/repository/org/apache/commons/commons-lang3/3.14.0/commons-lang3-3.14.0.jar:/Users/willian.sanches/.m2/repository/com/h2database/h2/2.2.224/h2-2.2.224.jar:/Users/willian.sanches/.m2/repository/org/springframework/boot/spring-boot-starter-data-jpa/3.3.5/spring-boot-starter-data-jpa-3.3.5.jar:/Users/willian.sanches/.m2/repository/org/springframework/boot/spring-boot-starter-aop/3.3.5/spring-boot-starter-aop-3.3.5.jar:/Users/willian.sanches/.m2/repository/org/springframework/spring-aop/6.1.14/spring-aop-6.1.14.jar:/Users/willian.sanches/.m2/repository/org/aspectj/aspectjweaver/1.9.22.1/aspectjweaver-1.9.22.1.jar:/Users/willian.sanches/.m2/repository/org/springframework/boot/spring-boot-starter-jdbc/3.3.5/spring-boot-starter-jdbc-3.3.5.jar:/Users/willian.sanches/.m2/repository/com/zaxxer/HikariCP/5.1.0/HikariCP-5.1.0.jar:/Users/willian.sanches/.m2/repository/org/springframework/spring-jdbc/6.1.14/spring-jdbc-6.1.14.jar:/Users/willian.sanches/.m2/repository/org/springframework/data/spring-data-jpa/3.3.5/spring-data-jpa-3.3.5.jar:/Users/willian.sanches/.m2/repository/org/springframework/data/spring-data-commons/3.3.5/spring-data-commons-3.3.5.jar:/Users/willian.sanches/.m2/repository/org/springframework/spring-orm/6.1.14/spring-orm-6.1.14.jar:/Users/willian.sanches/.m2/repository/org/springframework/spring-context/6.1.14/spring-context-6.1.14.jar:/Users/willian.sanches/.m2/repository/org/springframework/spring-tx/6.1.14/spring-tx-6.1.14.jar:/Users/willian.sanches/.m2/repository/org/springframework/spring-beans/6.1.14/spring-beans-6.1.14.jar:/Users/willian.sanches/.m2/repository/jakarta/annotation/jakarta.annotation-api/2.1.1/jakarta.annotation-api-2.1.1.jar:/Users/willian.sanches/.m2/repository/org/slf4j/slf4j-api/2.0.16/slf4j-api-2.0.16.jar:/Users/willian.sanches/.m2/repository/org/springframework/spring-aspects/6.1.14/spring-aspects-6.1.14.jar:/Users/willian.sanches/.m2/repository/org/postgresql/postgresql/42.7.4/postgresql-42.7.4.jar:/Users/willian.sanches/.m2/repository/org/checkerframework/checker-qual/3.42.0/checker-qual-3.42.0.jar:/Users/willian.sanches/.m2/repository/org/hibernate/orm/hibernate-core/6.2.5.Final/hibernate-core-6.2.5.Final.jar:/Users/willian.sanches/.m2/repository/jakarta/persistence/jakarta.persistence-api/3.1.0/jakarta.persistence-api-3.1.0.jar:/Users/willian.sanches/.m2/repository/jakarta/transaction/jakarta.transaction-api/2.0.1/jakarta.transaction-api-2.0.1.jar:/Users/willian.sanches/.m2/repository/org/jboss/logging/jboss-logging/3.5.3.Final/jboss-logging-3.5.3.Final.jar:/Users/willian.sanches/.m2/repository/org/hibernate/common/hibernate-commons-annotations/6.0.6.Final/hibernate-commons-annotations-6.0.6.Final.jar:/Users/willian.sanches/.m2/repository/io/smallrye/jandex/3.0.5/jandex-3.0.5.jar:/Users/willian.sanches/.m2/repository/com/fasterxml/classmate/1.7.0/classmate-1.7.0.jar:/Users/willian.sanches/.m2/repository/net/bytebuddy/byte-buddy/1.14.19/byte-buddy-1.14.19.jar:/Users/willian.sanches/.m2/repository/jakarta/xml/bind/jakarta.xml.bind-api/4.0.2/jakarta.xml.bind-api-4.0.2.jar:/Users/willian.sanches/.m2/repository/jakarta/activation/jakarta.activation-api/2.1.3/jakarta.activation-api-2.1.3.jar:/Users/willian.sanches/.m2/repository/org/glassfish/jaxb/jaxb-runtime/4.0.5/jaxb-runtime-4.0.5.jar:/Users/willian.sanches/.m2/repository/org/glassfish/jaxb/jaxb-core/4.0.5/jaxb-core-4.0.5.jar:/Users/willian.sanches/.m2/repository/org/eclipse/angus/angus-activation/2.0.2/angus-activation-2.0.2.jar:/Users/willian.sanches/.m2/repository/org/glassfish/jaxb/txw2/4.0.5/txw2-4.0.5.jar:/Users/willian.sanches/.m2/repository/com/sun/istack/istack-commons-runtime/4.1.2/istack-commons-runtime-4.1.2.jar:/Users/willian.sanches/.m2/repository/jakarta/inject/jakarta.inject-api/2.0.1/jakarta.inject-api-2.0.1.jar:/Users/willian.sanches/.m2/repository/org/antlr/antlr4-runtime/4.10.1/antlr4-runtime-4.10.1.jar:/Users/willian.sanches/.m2/repository/org/springframework/boot/spring-boot-starter-web/3.3.5/spring-boot-starter-web-3.3.5.jar:/Users/willian.sanches/.m2/repository/org/springframework/boot/spring-boot-starter/3.3.5/spring-boot-starter-3.3.5.jar:/Users/willian.sanches/.m2/repository/org/springframework/boot/spring-boot-starter-logging/3.3.5/spring-boot-starter-logging-3.3.5.jar:/Users/willian.sanches/.m2/repository/ch/qos/logback/logback-classic/1.5.11/logback-classic-1.5.11.jar:/Users/willian.sanches/.m2/repository/ch/qos/logback/logback-core/1.5.11/logback-core-1.5.11.jar:/Users/willian.sanches/.m2/repository/org/apache/logging/log4j/log4j-to-slf4j/2.23.1/log4j-to-slf4j-2.23.1.jar:/Users/willian.sanches/.m2/repository/org/apache/logging/log4j/log4j-api/2.23.1/log4j-api-2.23.1.jar:/Users/willian.sanches/.m2/repository/org/slf4j/jul-to-slf4j/2.0.16/jul-to-slf4j-2.0.16.jar:/Users/willian.sanches/.m2/repository/org/yaml/snakeyaml/2.2/snakeyaml-2.2.jar:/Users/willian.sanches/.m2/repository/org/springframework/boot/spring-boot-starter-json/3.3.5/spring-boot-starter-json-3.3.5.jar:/Users/willian.sanches/.m2/repository/com/fasterxml/jackson/core/jackson-databind/2.17.2/jackson-databind-2.17.2.jar:/Users/willian.sanches/.m2/repository/com/fasterxml/jackson/core/jackson-annotations/2.17.2/jackson-annotations-2.17.2.jar:/Users/willian.sanches/.m2/repository/com/fasterxml/jackson/core/jackson-core/2.17.2/jackson-core-2.17.2.jar:/Users/willian.sanches/.m2/repository/com/fasterxml/jackson/datatype/jackson-datatype-jdk8/2.17.2/jackson-datatype-jdk8-2.17.2.jar:/Users/willian.sanches/.m2/repository/com/fasterxml/jackson/datatype/jackson-datatype-jsr310/2.17.2/jackson-datatype-jsr310-2.17.2.jar:/Users/willian.sanches/.m2/repository/com/fasterxml/jackson/module/jackson-module-parameter-names/2.17.2/jackson-module-parameter-names-2.17.2.jar:/Users/willian.sanches/.m2/repository/org/springframework/boot/spring-boot-starter-tomcat/3.3.5/spring-boot-starter-tomcat-3.3.5.jar:/Users/willian.sanches/.m2/repository/org/apache/tomcat/embed/tomcat-embed-core/10.1.31/tomcat-embed-core-10.1.31.jar:/Users/willian.sanches/.m2/repository/org/apache/tomcat/embed/tomcat-embed-el/10.1.31/tomcat-embed-el-10.1.31.jar:/Users/willian.sanches/.m2/repository/org/apache/tomcat/embed/tomcat-embed-websocket/10.1.31/tomcat-embed-websocket-10.1.31.jar:/Users/willian.sanches/.m2/repository/org/springframework/spring-web/6.1.14/spring-web-6.1.14.jar:/Users/willian.sanches/.m2/repository/io/micrometer/micrometer-observation/1.13.6/micrometer-observation-1.13.6.jar:/Users/willian.sanches/.m2/repository/io/micrometer/micrometer-commons/1.13.6/micrometer-commons-1.13.6.jar:/Users/willian.sanches/.m2/repository/org/springframework/spring-webmvc/6.1.14/spring-webmvc-6.1.14.jar:/Users/willian.sanches/.m2/repository/org/springframework/spring-expression/6.1.14/spring-expression-6.1.14.jar:/Users/willian.sanches/.m2/repository/org/projectlombok/lombok/1.18.34/lombok-1.18.34.jar:/Users/willian.sanches/.m2/repository/org/mapstruct/mapstruct/1.5.2.Final/mapstruct-1.5.2.Final.jar:/Users/willian.sanches/.m2/repository/org/mapstruct/mapstruct-processor/1.5.2.Final/mapstruct-processor-1.5.2.Final.jar:/Users/willian.sanches/.m2/repository/org/springframework/boot/spring-boot-devtools/3.3.5/spring-boot-devtools-3.3.5.jar:/Users/willian.sanches/.m2/repository/org/springframework/boot/spring-boot/3.3.5/spring-boot-3.3.5.jar:/Users/willian.sanches/.m2/repository/org/springframework/boot/spring-boot-autoconfigure/3.3.5/spring-boot-autoconfigure-3.3.5.jar:/Users/willian.sanches/.m2/repository/org/springframework/boot/spring-boot-starter-test/3.3.5/spring-boot-starter-test-3.3.5.jar:/Users/willian.sanches/.m2/repository/org/springframework/boot/spring-boot-test/3.3.5/spring-boot-test-3.3.5.jar:/Users/willian.sanches/.m2/repository/org/springframework/boot/spring-boot-test-autoconfigure/3.3.5/spring-boot-test-autoconfigure-3.3.5.jar:/Users/willian.sanches/.m2/repository/com/jayway/jsonpath/json-path/2.9.0/json-path-2.9.0.jar:/Users/willian.sanches/.m2/repository/net/minidev/json-smart/2.5.1/json-smart-2.5.1.jar:/Users/willian.sanches/.m2/repository/net/minidev/accessors-smart/2.5.1/accessors-smart-2.5.1.jar:/Users/willian.sanches/.m2/repository/org/ow2/asm/asm/9.6/asm-9.6.jar:/Users/willian.sanches/.m2/repository/org/assertj/assertj-core/3.25.3/assertj-core-3.25.3.jar:/Users/willian.sanches/.m2/repository/org/awaitility/awaitility/4.2.2/awaitility-4.2.2.jar:/Users/willian.sanches/.m2/repository/org/junit/jupiter/junit-jupiter/5.10.5/junit-jupiter-5.10.5.jar:/Users/willian.sanches/.m2/repository/org/junit/jupiter/junit-jupiter-api/5.10.5/junit-jupiter-api-5.10.5.jar:/Users/willian.sanches/.m2/repository/org/opentest4j/opentest4j/1.3.0/opentest4j-1.3.0.jar:/Users/willian.sanches/.m2/repository/org/junit/platform/junit-platform-commons/1.10.5/junit-platform-commons-1.10.5.jar:/Users/willian.sanches/.m2/repository/org/apiguardian/apiguardian-api/1.1.2/apiguardian-api-1.1.2.jar:/Users/willian.sanches/.m2/repository/org/junit/jupiter/junit-jupiter-params/5.10.5/junit-jupiter-params-5.10.5.jar:/Users/willian.sanches/.m2/repository/org/junit/jupiter/junit-jupiter-engine/5.10.5/junit-jupiter-engine-5.10.5.jar:/Users/willian.sanches/.m2/repository/org/junit/platform/junit-platform-engine/1.10.5/junit-platform-engine-1.10.5.jar:/Users/willian.sanches/.m2/repository/org/mockito/mockito-core/5.11.0/mockito-core-5.11.0.jar:/Users/willian.sanches/.m2/repository/net/bytebuddy/byte-buddy-agent/1.14.19/byte-buddy-agent-1.14.19.jar:/Users/willian.sanches/.m2/repository/org/objenesis/objenesis/3.3/objenesis-3.3.jar:/Users/willian.sanches/.m2/repository/org/mockito/mockito-junit-jupiter/5.11.0/mockito-junit-jupiter-5.11.0.jar:/Users/willian.sanches/.m2/repository/org/skyscreamer/jsonassert/1.5.3/jsonassert-1.5.3.jar:/Users/willian.sanches/.m2/repository/com/vaadin/external/google/android-json/0.0.20131108.vaadin1/android-json-0.0.20131108.vaadin1.jar:/Users/willian.sanches/.m2/repository/org/springframework/spring-core/6.1.14/spring-core-6.1.14.jar:/Users/willian.sanches/.m2/repository/org/springframework/spring-jcl/6.1.14/spring-jcl-6.1.14.jar:/Users/willian.sanches/.m2/repository/org/springframework/spring-test/6.1.14/spring-test-6.1.14.jar:/Users/willian.sanches/.m2/repository/org/xmlunit/xmlunit-core/2.9.1/xmlunit-core-2.9.1.jar:"/>
    <property name="sun.cpu.endian" value="little"/>
    <property name="user.home" value="/Users/willian.sanches"/>
    <property name="user.language" value="en"/>
    <property name="java.specification.vendor" value="Oracle Corporation"/>
    <property name="java.version.date" value="2024-07-16"/>
    <property name="java.home" value="/Users/willian.sanches/Library/Java/JavaVirtualMachines/corretto-17.0.12/Contents/Home"/>
    <property name="file.separator" value="/"/>
    <property name="basedir" value="/Users/willian.sanches/Dev/presence-hub/backend/presence-hub-back"/>
    <property name="java.vm.compressedOopsMode" value="Zero based"/>
    <property name="line.separator" value="&#10;"/>
    <property name="java.vm.specification.vendor" value="Oracle Corporation"/>
    <property name="java.specification.name" value="Java Platform API Specification"/>
    <property name="FILE_LOG_CHARSET" value="UTF-8"/>
    <property name="java.awt.headless" value="true"/>
    <property name="surefire.real.class.path" value="/Users/willian.sanches/Dev/presence-hub/backend/presence-hub-back/target/surefire/surefirebooter-20241210171102935_3.jar"/>
    <property name="sun.management.compiler" value="HotSpot 64-Bit Tiered Compilers"/>
    <property name="ftp.nonProxyHosts" value="local|*.local|169.254/16|*.169.254/16"/>
    <property name="java.runtime.version" value="17.0.12+7-LTS"/>
    <property name="user.name" value="willian.sanches"/>
    <property name="path.separator" value=":"/>
    <property name="os.version" value="14.7"/>
    <property name="java.runtime.name" value="OpenJDK Runtime Environment"/>
    <property name="file.encoding" value="UTF-8"/>
    <property name="java.vm.name" value="OpenJDK 64-Bit Server VM"/>
    <property name="java.vendor.version" value="Corretto-17.0.12.7.1"/>
    <property name="localRepository" value="/Users/willian.sanches/.m2/repository"/>
    <property name="java.vendor.url.bug" value="https://github.com/corretto/corretto-17/issues/"/>
    <property name="java.io.tmpdir" value="/var/folders/mv/w2_5smgd6yzb8mwxg8lqngxc0000gr/T/"/>
    <property name="idea.version" value="2024.2.2"/>
    <property name="catalina.home" value="/private/var/folders/mv/w2_5smgd6yzb8mwxg8lqngxc0000gr/T/tomcat.0.7591348657461982892"/>
    <property name="com.zaxxer.hikari.pool_number" value="1"/>
    <property name="java.version" value="17.0.12"/>
    <property name="user.dir" value="/Users/willian.sanches/Dev/presence-hub/backend/presence-hub-back"/>
    <property name="os.arch" value="aarch64"/>
    <property name="java.vm.specification.name" value="Java Virtual Machine Specification"/>
    <property name="PID" value="41030"/>
    <property name="CONSOLE_LOG_CHARSET" value="UTF-8"/>
    <property name="catalina.base" value="/private/var/folders/mv/w2_5smgd6yzb8mwxg8lqngxc0000gr/T/tomcat.0.7591348657461982892"/>
    <property name="native.encoding" value="UTF-8"/>
    <property name="java.library.path" value="/Users/willian.sanches/Library/Java/Extensions:/Library/Java/Extensions:/Network/Library/Java/Extensions:/System/Library/Java/Extensions:/usr/lib/java:."/>
    <property name="java.vm.info" value="mixed mode, sharing"/>
    <property name="java.vendor" value="Amazon.com Inc."/>
    <property name="java.vm.version" value="17.0.12+7-LTS"/>
    <property name="sun.io.unicode.encoding" value="UnicodeBig"/>
    <property name="socksNonProxyHosts" value="local|*.local|169.254/16|*.169.254/16"/>
    <property name="java.class.version" value="61.0"/>
  </properties>
  <testcase name="createAlunoTest" classname="com.oficina.presence_hub.controllers.AlunoControllerTest" time="0.026">
    <system-out><![CDATA[2024-12-10T17:11:07.145-03:00  INFO 41030 --- [           main] t.c.s.AnnotationConfigContextLoaderUtils : Could not detect default configuration classes for test class [com.oficina.presence_hub.controllers.AlunoControllerTest]: AlunoControllerTest does not declare any static, non-private, non-final, nested classes annotated with @Configuration.
2024-12-10T17:11:07.146-03:00  INFO 41030 --- [           main] .b.t.c.SpringBootTestContextBootstrapper : Found @SpringBootConfiguration com.oficina.presence_hub.PresenceHubApplication for test class com.oficina.presence_hub.controllers.AlunoControllerTest
2024-12-10T17:11:07.156-03:00  INFO 41030 --- [o-auto-1-exec-1] c.o.presence_hub.services.AlunoService   : Creating Aluno: AlunoDTO[id=null, nome=John Doe, email=john.doe@example.com, senha=password, idade=20, serie=3rd Year, instituicaoDeEnsino=Example University, telefoneContato=123-456-7890, cidade=Example City, estado=Example State, nomeResponsavel=Jane Doe, telefoneResponsavel=098-765-4321, matriculaProjeto=123456, statusParticipacao=Active, dataInscricao=2024-12-10, observacoes=No observations, participacoes=[], certificados=[]]
2024-12-10T17:11:07.160-03:00 DEBUG 41030 --- [o-auto-1-exec-1] org.hibernate.SQL                        : 
    insert 
    into
        aluno
        (cidade,data_inscricao,email,estado,idade,instituicao_de_ensino,matricula_projeto,nome,nome_responsavel,observacoes,senha,serie,status_participacao,telefone_contato,telefone_responsavel) 
    values
        (?,?,?,?,?,?,?,?,?,?,?,?,?,?,?)
2024-12-10T17:11:07.161-03:00  INFO 41030 --- [o-auto-1-exec-1] c.o.presence_hub.services.AlunoService   : Aluno created successfully: com.oficina.presence_hub.entities.Aluno@3e70e827
]]></system-out>
  </testcase>
  <testcase name="getAllAlunosTest" classname="com.oficina.presence_hub.controllers.AlunoControllerTest" time="0.012">
    <system-out><![CDATA[2024-12-10T17:11:07.178-03:00  INFO 41030 --- [o-auto-1-exec-2] c.o.presence_hub.services.AlunoService   : Fetching all Alunos
2024-12-10T17:11:07.179-03:00 DEBUG 41030 --- [o-auto-1-exec-2] org.hibernate.SQL                        : 
    select
        a1_0.id,
        a1_0.cidade,
        a1_0.data_inscricao,
        a1_0.email,
        a1_0.estado,
        a1_0.idade,
        a1_0.instituicao_de_ensino,
        a1_0.matricula_projeto,
        a1_0.nome,
        a1_0.nome_responsavel,
        a1_0.observacoes,
        a1_0.senha,
        a1_0.serie,
        a1_0.status_participacao,
        a1_0.telefone_contato,
        a1_0.telefone_responsavel 
    from
        aluno a1_0
2024-12-10T17:11:07.180-03:00  INFO 41030 --- [o-auto-1-exec-2] c.o.presence_hub.services.AlunoService   : Fetched 3 Alunos
]]></system-out>
  </testcase>
  <testcase name="getAlunoByIdTest" classname="com.oficina.presence_hub.controllers.AlunoControllerTest" time="0.023">
    <system-out><![CDATA[2024-12-10T17:11:07.195-03:00  INFO 41030 --- [o-auto-1-exec-3] c.o.presence_hub.services.AlunoService   : Fetching Aluno by id: 999
2024-12-10T17:11:07.195-03:00 DEBUG 41030 --- [o-auto-1-exec-3] org.hibernate.SQL                        : 
    select
        a1_0.id,
        a1_0.cidade,
        a1_0.data_inscricao,
        a1_0.email,
        a1_0.estado,
        a1_0.idade,
        a1_0.instituicao_de_ensino,
        a1_0.matricula_projeto,
        a1_0.nome,
        a1_0.nome_responsavel,
        a1_0.observacoes,
        a1_0.senha,
        a1_0.serie,
        a1_0.status_participacao,
        a1_0.telefone_contato,
        a1_0.telefone_responsavel 
    from
        aluno a1_0 
    where
        a1_0.id=?
2024-12-10T17:11:07.199-03:00 DEBUG 41030 --- [o-auto-1-exec-3] org.hibernate.SQL                        : 
    select
        p1_0.aluno_id,
        p1_0.id,
        p1_0.presente,
        w1_0.id,
        w1_0.data,
        w1_0.descricao,
        p2_0.id,
        p2_0.email,
        p2_0.especializacao,
        p2_0.instituicao_vinculo,
        p2_0.nome,
        p2_0.telefone_contato,
        w1_0.titulo 
    from
        participacao p1_0 
    left join
        workshop w1_0 
            on w1_0.id=p1_0.workshop_id 
    left join
        professor p2_0 
            on p2_0.id=w1_0.professor_id 
    where
        p1_0.aluno_id=?
2024-12-10T17:11:07.200-03:00 DEBUG 41030 --- [o-auto-1-exec-3] org.hibernate.SQL                        : 
    select
        c1_0.aluno_id,
        c1_0.id,
        c1_0.assinatura_digital,
        c1_0.data_emissao,
        w1_0.id,
        w1_0.data,
        w1_0.descricao,
        p1_0.id,
        p1_0.email,
        p1_0.especializacao,
        p1_0.instituicao_vinculo,
        p1_0.nome,
        p1_0.telefone_contato,
        w1_0.titulo 
    from
        certificado c1_0 
    left join
        workshop w1_0 
            on w1_0.id=c1_0.workshop_id 
    left join
        professor p1_0 
            on p1_0.id=w1_0.professor_id 
    where
        c1_0.aluno_id=?
2024-12-10T17:11:07.201-03:00  INFO 41030 --- [o-auto-1-exec-3] c.o.presence_hub.services.AlunoService   : Fetched Aluno: AlunoDTO[id=999, nome=John Doe, email=john.doe@example.com, senha=password, idade=23, serie=5th Year, instituicaoDeEnsino=Example Institute, telefoneContato=123-456-7893, cidade=Example Village, estado=Example State, nomeResponsavel=David Brown, telefoneResponsavel=098-765-4324, matriculaProjeto=654323, statusParticipacao=Active, dataInscricao=2023-03-01, observacoes=No observations, participacoes=[], certificados=[]]
]]></system-out>
  </testcase>
  <testcase name="deleteAlunoTest" classname="com.oficina.presence_hub.controllers.AlunoControllerTest" time="0.017">
    <system-out><![CDATA[2024-12-10T17:11:07.217-03:00  INFO 41030 --- [o-auto-1-exec-4] c.o.presence_hub.services.AlunoService   : Deleting Aluno with id: 998
2024-12-10T17:11:07.217-03:00 DEBUG 41030 --- [o-auto-1-exec-4] org.hibernate.SQL                        : 
    select
        a1_0.id,
        a1_0.cidade,
        a1_0.data_inscricao,
        a1_0.email,
        a1_0.estado,
        a1_0.idade,
        a1_0.instituicao_de_ensino,
        a1_0.matricula_projeto,
        a1_0.nome,
        a1_0.nome_responsavel,
        a1_0.observacoes,
        a1_0.senha,
        a1_0.serie,
        a1_0.status_participacao,
        a1_0.telefone_contato,
        a1_0.telefone_responsavel 
    from
        aluno a1_0 
    where
        a1_0.id=?
2024-12-10T17:11:07.218-03:00 DEBUG 41030 --- [o-auto-1-exec-4] org.hibernate.SQL                        : 
    select
        c1_0.aluno_id,
        c1_0.id,
        c1_0.assinatura_digital,
        c1_0.data_emissao,
        w1_0.id,
        w1_0.data,
        w1_0.descricao,
        p1_0.id,
        p1_0.email,
        p1_0.especializacao,
        p1_0.instituicao_vinculo,
        p1_0.nome,
        p1_0.telefone_contato,
        w1_0.titulo 
    from
        certificado c1_0 
    left join
        workshop w1_0 
            on w1_0.id=c1_0.workshop_id 
    left join
        professor p1_0 
            on p1_0.id=w1_0.professor_id 
    where
        c1_0.aluno_id=?
2024-12-10T17:11:07.221-03:00 DEBUG 41030 --- [o-auto-1-exec-4] org.hibernate.SQL                        : 
    select
        p1_0.aluno_id,
        p1_0.id,
        p1_0.presente,
        w1_0.id,
        w1_0.data,
        w1_0.descricao,
        p2_0.id,
        p2_0.email,
        p2_0.especializacao,
        p2_0.instituicao_vinculo,
        p2_0.nome,
        p2_0.telefone_contato,
        w1_0.titulo 
    from
        participacao p1_0 
    left join
        workshop w1_0 
            on w1_0.id=p1_0.workshop_id 
    left join
        professor p2_0 
            on p2_0.id=w1_0.professor_id 
    where
        p1_0.aluno_id=?
2024-12-10T17:11:07.223-03:00 DEBUG 41030 --- [o-auto-1-exec-4] org.hibernate.SQL                        : 
    delete 
    from
        certificado 
    where
        id=?
2024-12-10T17:11:07.224-03:00 DEBUG 41030 --- [o-auto-1-exec-4] org.hibernate.SQL                        : 
    delete 
    from
        certificado 
    where
        id=?
2024-12-10T17:11:07.224-03:00 DEBUG 41030 --- [o-auto-1-exec-4] org.hibernate.SQL                        : 
    delete 
    from
        participacao 
    where
        id=?
2024-12-10T17:11:07.224-03:00 DEBUG 41030 --- [o-auto-1-exec-4] org.hibernate.SQL                        : 
    delete 
    from
        participacao 
    where
        id=?
2024-12-10T17:11:07.224-03:00 DEBUG 41030 --- [o-auto-1-exec-4] org.hibernate.SQL                        : 
    delete 
    from
        aluno 
    where
        id=?
2024-12-10T17:11:07.225-03:00  INFO 41030 --- [o-auto-1-exec-4] c.o.presence_hub.services.AlunoService   : Aluno deleted successfully
]]></system-out>
  </testcase>
  <testcase name="updateAlunoTest" classname="com.oficina.presence_hub.controllers.AlunoControllerTest" time="0.024">
    <system-out><![CDATA[2024-12-10T17:11:07.236-03:00  INFO 41030 --- [o-auto-1-exec-5] c.o.presence_hub.services.AlunoService   : Updating Aluno with id: 999
2024-12-10T17:11:07.238-03:00 DEBUG 41030 --- [o-auto-1-exec-5] org.hibernate.SQL                        : 
    select
        a1_0.id,
        a1_0.cidade,
        a1_0.data_inscricao,
        a1_0.email,
        a1_0.estado,
        a1_0.idade,
        a1_0.instituicao_de_ensino,
        a1_0.matricula_projeto,
        a1_0.nome,
        a1_0.nome_responsavel,
        a1_0.observacoes,
        a1_0.senha,
        a1_0.serie,
        a1_0.status_participacao,
        a1_0.telefone_contato,
        a1_0.telefone_responsavel 
    from
        aluno a1_0 
    where
        a1_0.id=?
2024-12-10T17:11:07.239-03:00 DEBUG 41030 --- [o-auto-1-exec-5] org.hibernate.SQL                        : 
    select
        p1_0.aluno_id,
        p1_0.id,
        p1_0.presente,
        w1_0.id,
        w1_0.data,
        w1_0.descricao,
        p2_0.id,
        p2_0.email,
        p2_0.especializacao,
        p2_0.instituicao_vinculo,
        p2_0.nome,
        p2_0.telefone_contato,
        w1_0.titulo 
    from
        participacao p1_0 
    left join
        workshop w1_0 
            on w1_0.id=p1_0.workshop_id 
    left join
        professor p2_0 
            on p2_0.id=w1_0.professor_id 
    where
        p1_0.aluno_id=?
2024-12-10T17:11:07.239-03:00 DEBUG 41030 --- [o-auto-1-exec-5] org.hibernate.SQL                        : 
    select
        c1_0.aluno_id,
        c1_0.id,
        c1_0.assinatura_digital,
        c1_0.data_emissao,
        w1_0.id,
        w1_0.data,
        w1_0.descricao,
        p1_0.id,
        p1_0.email,
        p1_0.especializacao,
        p1_0.instituicao_vinculo,
        p1_0.nome,
        p1_0.telefone_contato,
        w1_0.titulo 
    from
        certificado c1_0 
    left join
        workshop w1_0 
            on w1_0.id=c1_0.workshop_id 
    left join
        professor p1_0 
            on p1_0.id=w1_0.professor_id 
    where
        c1_0.aluno_id=?
2024-12-10T17:11:07.240-03:00 DEBUG 41030 --- [o-auto-1-exec-5] org.hibernate.SQL                        : 
    update
        aluno 
    set
        cidade=?,
        data_inscricao=?,
        email=?,
        estado=?,
        idade=?,
        instituicao_de_ensino=?,
        matricula_projeto=?,
        nome=?,
        nome_responsavel=?,
        observacoes=?,
        senha=?,
        serie=?,
        status_participacao=?,
        telefone_contato=?,
        telefone_responsavel=? 
    where
        id=?
2024-12-10T17:11:07.241-03:00  INFO 41030 --- [o-auto-1-exec-5] c.o.presence_hub.services.AlunoService   : Aluno updated successfully: com.oficina.presence_hub.entities.Aluno@45e4e0f3
]]></system-out>
  </testcase>
</testsuite>